#
# There is insufficient memory for the Java Runtime Environment to continue.
# Native memory allocation (mmap) failed to map 266338304 bytes for G1 virtual space
# Possible reasons:
#   The system is out of physical RAM or swap space
#   The process is running with CompressedOops enabled, and the Java Heap may be blocking the growth of the native heap
# Possible solutions:
#   Reduce memory load on the system
#   Increase physical memory or swap space
#   Check if swap backing store is full
#   Decrease Java heap size (-Xmx/-Xms)
#   Decrease number of Java threads
#   Decrease Java thread stack sizes (-Xss)
#   Set larger code cache with -XX:ReservedCodeCacheSize=
#   JVM is running with Zero Based Compressed Oops mode in which the Java heap is
#     placed in the first 32GB address space. The Java Heap base address is the
#     maximum limit for the native heap growth. Please use -XX:HeapBaseMinAddress
#     to set the Java Heap base and to place the Java Heap above 32GB virtual address.
# This output file may be truncated or incomplete.
#
#  Out of Memory Error (os_windows.cpp:3617), pid=18716, tid=27064
#
# JRE version:  (17.0.8.1+1) (build )
# Java VM: OpenJDK 64-Bit Server VM (17.0.8.1+1-LTS, mixed mode, sharing, tiered, compressed oops, compressed class ptrs, g1 gc, windows-amd64)
# No core dump will be written. Minidumps are not enabled by default on client versions of Windows
#

---------------  S U M M A R Y ------------

Command Line: -XX:+ShowCodeDetailsInExceptionMessages com.app.MainApp

Host: Intel(R) Core(TM) i5-8350U CPU @ 1.70GHz, 8 cores, 15G,  Windows 10 , 64 bit Build 19041 (10.0.19041.3570)
Time: Wed Oct 18 18:29:12 2023 Eastern Daylight Time elapsed time: 0.015027 seconds (0d 0h 0m 0s)

---------------  T H R E A D  ---------------

Current thread (0x000002b7699ebe80):  JavaThread "Unknown thread" [_thread_in_vm, id=27064, stack(0x000000f020f00000,0x000000f021000000)]

Stack: [0x000000f020f00000,0x000000f021000000]
Native frames: (J=compiled Java code, j=interpreted, Vv=VM code, C=native code)
V  [jvm.dll+0x679bda]
V  [jvm.dll+0x8360a4]
V  [jvm.dll+0x83784e]
V  [jvm.dll+0x837eb3]
V  [jvm.dll+0x247c4f]
V  [jvm.dll+0x676949]
V  [jvm.dll+0x66b2ba]
V  [jvm.dll+0x305da6]
V  [jvm.dll+0x30d196]
V  [jvm.dll+0x35cb7e]
V  [jvm.dll+0x35cdaf]
V  [jvm.dll+0x2dcfe8]
V  [jvm.dll+0x2ddf54]
V  [jvm.dll+0x807fb1]
V  [jvm.dll+0x36a731]
V  [jvm.dll+0x7e7328]
V  [jvm.dll+0x3edb9f]
V  [jvm.dll+0x3ef791]
C  [jli.dll+0x5287]
C  [ucrtbase.dll+0x21bb2]
C  [KERNEL32.DLL+0x17344]
C  [ntdll.dll+0x526b1]


---------------  P R O C E S S  ---------------

Threads class SMR info:
_java_thread_list=0x00007ffbfe084678, length=0, elements={
}

Java Threads: ( => current thread )

Other Threads:
  0x000002b769a58a60 GCTaskThread "GC Thread#0" [stack: 0x000000f021000000,0x000000f021100000] [id=17736]
  0x000002b769a69640 ConcurrentGCThread "G1 Main Marker" [stack: 0x000000f021100000,0x000000f021200000] [id=15020]
  0x000002b769a69f60 ConcurrentGCThread "G1 Conc#0" [stack: 0x000000f021200000,0x000000f021300000] [id=13576]

[error occurred during error reporting (printing all threads), id 0xc0000005, EXCEPTION_ACCESS_VIOLATION (0xc0000005) at pc=0x00007ffbfd83dbd7]

VM state: not at safepoint (not fully initialized)

VM Mutex/Monitor currently owned by a thread:  ([mutex/lock_event])
[0x000002b7699e7c40] Heap_lock - owner thread: 0x000002b7699ebe80

Heap address: 0x0000000702800000, size: 4056 MB, Compressed Oops mode: Zero based, Oop shift amount: 3

CDS archive(s) mapped at: [0x0000000000000000-0x0000000000000000-0x0000000000000000), size 0, SharedBaseAddress: 0x0000000800000000, ArchiveRelocationMode: 1.
Narrow klass base: 0x0000000000000000, Narrow klass shift: 0, Narrow klass range: 0x0

GC Precious Log:
<Empty>

Heap:
 garbage-first heap   total 0K, used 0K [0x0000000702800000, 0x0000000800000000)
  region size 2048K, 0 young (0K), 0 survivors (0K)

[error occurred during error reporting (printing heap information), id 0xc0000005, EXCEPTION_ACCESS_VIOLATION (0xc0000005) at pc=0x00007ffbfdc233a9]

GC Heap History (0 events):
No events

Dll operation events (1 events):
Event: 0.008 Loaded shared library C:\Program Files\BellSoft\LibericaJDK-17-Full\bin\java.dll

Deoptimization events (0 events):
No events

Classes unloaded (0 events):
No events

Classes redefined (0 events):
No events

Internal exceptions (0 events):
No events

VM Operations (0 events):
No events

Events (0 events):
No events


Dynamic libraries:
0x00007ff616c30000 - 0x00007ff616c3e000 	C:\Program Files\BellSoft\LibericaJDK-17-Full\bin\java.exe
0x00007ffc4ac90000 - 0x00007ffc4ae87000 	C:\WINDOWS\SYSTEM32\ntdll.dll
0x00007ffc4a0f0000 - 0x00007ffc4a1ad000 	C:\WINDOWS\System32\KERNEL32.DLL
0x00007ffc48820000 - 0x00007ffc48b16000 	C:\WINDOWS\System32\KERNELBASE.dll
0x00007ffc48b20000 - 0x00007ffc48c20000 	C:\WINDOWS\System32\ucrtbase.dll
0x00007ffc22080000 - 0x00007ffc2209b000 	C:\Program Files\BellSoft\LibericaJDK-17-Full\bin\VCRUNTIME140.dll
0x00007ffc22c70000 - 0x00007ffc22c87000 	C:\Program Files\BellSoft\LibericaJDK-17-Full\bin\jli.dll
0x00007ffc495d0000 - 0x00007ffc4976e000 	C:\WINDOWS\System32\USER32.dll
0x00007ffc48c20000 - 0x00007ffc48c42000 	C:\WINDOWS\System32\win32u.dll
0x00007ffc33ab0000 - 0x00007ffc33d4a000 	C:\WINDOWS\WinSxS\amd64_microsoft.windows.common-controls_6595b64144ccf1df_6.0.19041.3570_none_60bb2a3971f3e41a\COMCTL32.dll
0x00007ffc49800000 - 0x00007ffc4982c000 	C:\WINDOWS\System32\GDI32.dll
0x00007ffc4abb0000 - 0x00007ffc4ac4e000 	C:\WINDOWS\System32\msvcrt.dll
0x00007ffc48370000 - 0x00007ffc4848a000 	C:\WINDOWS\System32\gdi32full.dll
0x00007ffc48c50000 - 0x00007ffc48ced000 	C:\WINDOWS\System32\msvcp_win.dll
0x00007ffc49f10000 - 0x00007ffc49f40000 	C:\WINDOWS\System32\IMM32.DLL
0x00007ffc3f250000 - 0x00007ffc3f25c000 	C:\Program Files\BellSoft\LibericaJDK-17-Full\bin\vcruntime140_1.dll
0x00007ffc05d00000 - 0x00007ffc05d8e000 	C:\Program Files\BellSoft\LibericaJDK-17-Full\bin\msvcp140.dll
0x00007ffbfd550000 - 0x00007ffbfe1b7000 	C:\Program Files\BellSoft\LibericaJDK-17-Full\bin\server\jvm.dll
0x00007ffc491e0000 - 0x00007ffc4928e000 	C:\WINDOWS\System32\ADVAPI32.dll
0x00007ffc49c10000 - 0x00007ffc49cac000 	C:\WINDOWS\System32\sechost.dll
0x00007ffc49440000 - 0x00007ffc49566000 	C:\WINDOWS\System32\RPCRT4.dll
0x00007ffc481d0000 - 0x00007ffc4821b000 	C:\WINDOWS\SYSTEM32\POWRPROF.dll
0x00007ffc3a0d0000 - 0x00007ffc3a0f7000 	C:\WINDOWS\SYSTEM32\WINMM.dll
0x00007ffc35a10000 - 0x00007ffc35a19000 	C:\WINDOWS\SYSTEM32\WSOCK32.dll
0x00007ffc437f0000 - 0x00007ffc437fa000 	C:\WINDOWS\SYSTEM32\VERSION.dll
0x00007ffc49790000 - 0x00007ffc497fb000 	C:\WINDOWS\System32\WS2_32.dll
0x00007ffc481b0000 - 0x00007ffc481c2000 	C:\WINDOWS\SYSTEM32\UMPDC.dll
0x00007ffc46a00000 - 0x00007ffc46a12000 	C:\WINDOWS\SYSTEM32\kernel.appcore.dll
0x00007ffc33400000 - 0x00007ffc3340a000 	C:\Program Files\BellSoft\LibericaJDK-17-Full\bin\jimage.dll
0x00007ffc46780000 - 0x00007ffc46964000 	C:\WINDOWS\SYSTEM32\DBGHELP.DLL
0x00007ffc3f8f0000 - 0x00007ffc3f924000 	C:\WINDOWS\SYSTEM32\dbgcore.DLL
0x00007ffc48760000 - 0x00007ffc487e2000 	C:\WINDOWS\System32\bcryptPrimitives.dll
0x00007ffc1cf90000 - 0x00007ffc1cfb5000 	C:\Program Files\BellSoft\LibericaJDK-17-Full\bin\java.dll

dbghelp: loaded successfully - version: 4.0.5 - missing functions: none
symbol engine: initialized successfully - sym options: 0x614 - pdb path: .;C:\Program Files\BellSoft\LibericaJDK-17-Full\bin;C:\WINDOWS\SYSTEM32;C:\WINDOWS\WinSxS\amd64_microsoft.windows.common-controls_6595b64144ccf1df_6.0.19041.3570_none_60bb2a3971f3e41a;C:\Program Files\BellSoft\LibericaJDK-17-Full\bin\server

VM Arguments:
jvm_args: -XX:+ShowCodeDetailsInExceptionMessages 
java_command: com.app.MainApp
java_class_path (initial): C:\Users\Teacher\Desktop\Riley Javafx\JavaFX\demo\build\resources\main;C:\Users\Teacher\Desktop\Riley Javafx\JavaFX\demo\build\classes\java\main;C:\Users\Teacher\.gradle\caches\modules-2\files-2.1\eu.hansolo\Medusa\11.5\20da0839b4f429434a18f2d69d89cb2aeb3c101d\Medusa-11.5.jar;C:\Users\Teacher\.gradle\caches\modules-2\files-2.1\edu.wpi.first.wpiutil\wpiutil-jni\2023.4.3\855451eaf6bf93daeda6aec28a5cde425d3cbfeb\wpiutil-jni-2023.4.3-windowsx86-64.jar;C:\Users\Teacher\.gradle\caches\modules-2\files-2.1\org.openjfx\javafx-graphics\12.0.1\19ec56a15d7dd9c49112912547425b718485d7db\javafx-graphics-12.0.1.jar;C:\Users\Teacher\.gradle\caches\modules-2\files-2.1\org.openjfx\javafx-controls\12.0.1\a6502999bdb947885c8d121a47d745d52a06577a\javafx-controls-12.0.1.jar;C:\Users\Teacher\.gradle\caches\modules-2\files-2.1\edu.wpi.first.ntcore\ntcore-java\2023.4.3\4ab342cc6c10318c335dfa64fe293d9976faec9e\ntcore-java-2023.4.3.jar;C:\Users\Teacher\.gradle\caches\modules-2\files-2.1\org.openjfx\javafx-base\12.0.1\6abae81d00e0c6f4fde02e2666f9c0b989ff47e4\javafx-base-12.0.1.jar;C:\Users\Teacher\.gradle\caches\modules-2\files-2.1\edu.wpi.first.ntcore\ntcore-jni\2023.4.3\cb3281035211fc4738f6317abf8a8ff8229716d0\ntcore-jni-2023.4.3-windowsx86-64.jar;C:\Users\Teacher\.gradle\caches\modules-2\files-2.1\edu.wpi.first.wpiutil\wpiutil-java\2023.4.3\11553857942069bb8e6a1d2fff1754cc0813348e\wpiutil-java-2023.4.3.jar
Launcher Type: SUN_STANDARD

[Global flags]
     intx CICompilerCount                          = 4                                         {product} {ergonomic}
     uint ConcGCThreads                            = 2                                         {product} {ergonomic}
     uint G1ConcRefinementThreads                  = 8                                         {product} {ergonomic}
   size_t G1HeapRegionSize                         = 2097152                                   {product} {ergonomic}
    uintx GCDrainStackTargetSize                   = 64                                        {product} {ergonomic}
   size_t InitialHeapSize                          = 266338304                                 {product} {ergonomic}
   size_t MarkStackSize                            = 4194304                                   {product} {ergonomic}
   size_t MaxHeapSize                              = 4253024256                                {product} {ergonomic}
   size_t MinHeapDeltaBytes                        = 2097152                                   {product} {ergonomic}
   size_t MinHeapSize                              = 8388608                                   {product} {ergonomic}
    uintx NonNMethodCodeHeapSize                   = 5839372                                {pd product} {ergonomic}
    uintx NonProfiledCodeHeapSize                  = 122909434                              {pd product} {ergonomic}
    uintx ProfiledCodeHeapSize                     = 122909434                              {pd product} {ergonomic}
    uintx ReservedCodeCacheSize                    = 251658240                              {pd product} {ergonomic}
     bool SegmentedCodeCache                       = true                                      {product} {ergonomic}
     bool ShowCodeDetailsInExceptionMessages       = true                                   {manageable} {command line}
   size_t SoftMaxHeapSize                          = 4253024256                             {manageable} {ergonomic}
     bool UseCompressedClassPointers               = true                           {product lp64_product} {ergonomic}
     bool UseCompressedOops                        = true                           {product lp64_product} {ergonomic}
     bool UseG1GC                                  = true                                      {product} {ergonomic}
     bool UseLargePagesIndividualAllocation        = false                                  {pd product} {ergonomic}

Logging:
Log output configuration:
 #0: stdout all=warning uptime,level,tags
 #1: stderr all=off uptime,level,tags

Environment Variables:
JAVA_HOME=C:\Program Files\BellSoft\LibericaJDK-17-Full\
PATH=C:\Program Files\BellSoft\LibericaJDK-17-Full\bin\;C:\Program Files\National Instruments\Shared\OpenVINO\;C:\Program Files\Common Files\Oracle\Java\javapath;C:\Program Files\AdoptOpenJDK\jre-8.0.212.03-hotspot\bin;C:\Program Files (x86)\AdoptOpenJDK\jre-8.0.212.03-hotspot\bin;C:\Program Files\AdoptOpenJDK\jre-11.0.3.7-hotspot\bin;C:\Program Files (x86)\Intel\Intel(R) Management Engine Components\iCLS\;C:\Program Files\Intel\Intel(R) Management Engine Components\iCLS\;C:\Windows\system32;C:\Windows;C:\Windows\System32\Wbem;C:\Windows\System32\WindowsPowerShell\v1.0\;C:\Windows\System32\OpenSSH\;C:\Program Files (x86)\Intel\Intel(R) Management Engine Components\DAL;C:\Program Files\Intel\Intel(R) Management Engine Components\DAL;C:\Program Files\NVIDIA Corporation\NVIDIA NvDLISR;C:\Program Files\Intel\WiFi\bin\;C:\Program Files\Common Files\Intel\WirelessCommon\;C:\Users\Public\wpilib\2020\roborio\bin;C:\Users\Public\wpilib\2020\frccode;C:\Program Files\Git\cmd;C:\Program Files\Microsoft SQL Server\120\Tools\Binn\;C:\Program Files\Java\jdk-14\bin;;C:\WINDOWS\system32;C:\WINDOWS;C:\WINDOWS\System32\Wbem;C:\WINDOWS\System32\WindowsPowerShell\v1.0\;C:\WINDOWS\System32\OpenSSH\;C:\Program Files (x86)\IVI Foundation\VISA\WinNT\Bin\;C:\Program Files\IVI Foundation\VISA\Win64\Bin\;C:\Program Files (x86)\IVI Foundation\VISA\WinNT\Bin;C:\Program Files\Samsung\AllShare Framework DMS\1.3.23\;C:\Program Files\Samsung\AllShare Framework DMS\1.3.23\64bit\;C:\Users\Teacher\AppData\Local\Microsoft\WindowsApps;C:\Users\Public\wpilib\2020\roborio\bin;C:\Users\Public\wpilib\2020\frccode;C:\Users\Teacher\Desktop\gradle-8.4-bin\gradle-8.4\bin;C:\Users\Teacher\AppData\Local\Microsoft\WindowsApps;;C:\Users\Teacher\AppData\Local\Programs\Microsoft VS Code\bin
USERNAME=Teacher
LANG=en_US.UTF-8
OS=Windows_NT
PROCESSOR_IDENTIFIER=Intel64 Family 6 Model 142 Stepping 10, GenuineIntel
TMP=C:\Users\Teacher\AppData\Local\Temp
TEMP=C:\Users\Teacher\AppData\Local\Temp



---------------  S Y S T E M  ---------------

OS:
 Windows 10 , 64 bit Build 19041 (10.0.19041.3570)
OS uptime: 2 days 0:46 hours

CPU: total 8 (initial active 8) (4 cores per cpu, 2 threads per core) family 6 model 142 stepping 10 microcode 0xb4, cx8, cmov, fxsr, ht, mmx, 3dnowpref, sse, sse2, sse3, ssse3, sse4.1, sse4.2, popcnt, lzcnt, tsc, tscinvbit, avx, avx2, aes, erms, clmul, bmi1, bmi2, rtm, adx, fma, vzeroupper, clflush, clflushopt
Processor Information for all 8 processors :
  Max Mhz: 1896, Current Mhz: 1696, Mhz Limit: 1687

Memory: 4k page, system-wide physical 16217M (677M free)
TotalPageFile size 42594M (AvailPageFile size 186M)
current process WorkingSet (physical memory assigned to process): 10M, peak: 10M
current process commit charge ("private bytes"): 60M, peak: 314M

vm_info: OpenJDK 64-Bit Server VM (17.0.8.1+1-LTS) for windows-amd64 JRE (17.0.8.1+1-LTS), built on Aug 22 2023 02:12:42 by "" with MS VC++ 17.1 (VS2022)

END.
