#
# There is insufficient memory for the Java Runtime Environment to continue.
# Native memory allocation (mmap) failed to map 423624704 bytes for G1 virtual space
# Possible reasons:
#   The system is out of physical RAM or swap space
#   The process is running with CompressedOops enabled, and the Java Heap may be blocking the growth of the native heap
# Possible solutions:
#   Reduce memory load on the system
#   Increase physical memory or swap space
#   Check if swap backing store is full
#   Decrease Java heap size (-Xmx/-Xms)
#   Decrease number of Java threads
#   Decrease Java thread stack sizes (-Xss)
#   Set larger code cache with -XX:ReservedCodeCacheSize=
#   JVM is running with Zero Based Compressed Oops mode in which the Java heap is
#     placed in the first 32GB address space. The Java Heap base address is the
#     maximum limit for the native heap growth. Please use -XX:HeapBaseMinAddress
#     to set the Java Heap base and to place the Java Heap above 32GB virtual address.
# This output file may be truncated or incomplete.
#
#  Out of Memory Error (os_windows.cpp:3617), pid=21884, tid=6648
#
# JRE version: OpenJDK Runtime Environment (17.0.8.1+1) (build 17.0.8.1+1-LTS)
# Java VM: OpenJDK 64-Bit Server VM (17.0.8.1+1-LTS, mixed mode, sharing, tiered, compressed oops, compressed class ptrs, g1 gc, windows-amd64)
# No core dump will be written. Minidumps are not enabled by default on client versions of Windows
#

---------------  S U M M A R Y ------------

Command Line: -XX:+ShowCodeDetailsInExceptionMessages com.app.MainApp

Host: Intel(R) Core(TM) i5-8350U CPU @ 1.70GHz, 8 cores, 15G,  Windows 10 , 64 bit Build 19041 (10.0.19041.3570)
Time: Wed Oct 18 18:28:17 2023 Eastern Daylight Time elapsed time: 11.710193 seconds (0d 0h 0m 11s)

---------------  T H R E A D  ---------------

Current thread (0x0000020c6842b1d0):  VMThread "VM Thread" [stack: 0x000000ae02b00000,0x000000ae02c00000] [id=6648]

Stack: [0x000000ae02b00000,0x000000ae02c00000]
Native frames: (J=compiled Java code, j=interpreted, Vv=VM code, C=native code)
V  [jvm.dll+0x679bda]
V  [jvm.dll+0x8360a4]
V  [jvm.dll+0x83784e]
V  [jvm.dll+0x837eb3]
V  [jvm.dll+0x247c4f]
V  [jvm.dll+0x676949]
V  [jvm.dll+0x66b2ba]
V  [jvm.dll+0x305da6]
V  [jvm.dll+0x30d196]
V  [jvm.dll+0x35cb7e]
V  [jvm.dll+0x35cdaf]
V  [jvm.dll+0x2dcfe8]
V  [jvm.dll+0x2db3f5]
V  [jvm.dll+0x2da9fc]
V  [jvm.dll+0x31dfeb]
V  [jvm.dll+0x83c6cb]
V  [jvm.dll+0x83d404]
V  [jvm.dll+0x83d91d]
V  [jvm.dll+0x83dcf4]
V  [jvm.dll+0x83ddc0]
V  [jvm.dll+0x7e64ba]
V  [jvm.dll+0x678a25]
C  [ucrtbase.dll+0x21bb2]
C  [KERNEL32.DLL+0x17344]
C  [ntdll.dll+0x526b1]

VM_Operation (0x000000ae03afd330): G1CollectForAllocation, mode: safepoint, requested by thread 0x0000020c6d015880


---------------  P R O C E S S  ---------------

Threads class SMR info:
_java_thread_list=0x0000020c6d061fa0, length=20, elements={
0x0000020c44159fa0, 0x0000020c68432580, 0x0000020c68433400, 0x0000020c6844c7f0,
0x0000020c6844d2c0, 0x0000020c6844dc80, 0x0000020c6844e640, 0x0000020c6855ecc0,
0x0000020c6855f770, 0x0000020c685542c0, 0x0000020c686a08b0, 0x0000020c686a5430,
0x0000020c688f5ec0, 0x0000020c68920fb0, 0x0000020c6d015880, 0x0000020c6d1dedf0,
0x0000020c6d0a7cb0, 0x0000020c741e9820, 0x0000020c741e9d30, 0x0000020c741e83e0
}

Java Threads: ( => current thread )
  0x0000020c44159fa0 JavaThread "main" [_thread_blocked, id=24572, stack(0x000000ae02500000,0x000000ae02600000)]
  0x0000020c68432580 JavaThread "Reference Handler" daemon [_thread_blocked, id=17596, stack(0x000000ae02c00000,0x000000ae02d00000)]
  0x0000020c68433400 JavaThread "Finalizer" daemon [_thread_blocked, id=23912, stack(0x000000ae02d00000,0x000000ae02e00000)]
  0x0000020c6844c7f0 JavaThread "Signal Dispatcher" daemon [_thread_blocked, id=27452, stack(0x000000ae02e00000,0x000000ae02f00000)]
  0x0000020c6844d2c0 JavaThread "Attach Listener" daemon [_thread_blocked, id=3532, stack(0x000000ae02f00000,0x000000ae03000000)]
  0x0000020c6844dc80 JavaThread "Service Thread" daemon [_thread_blocked, id=24240, stack(0x000000ae03000000,0x000000ae03100000)]
  0x0000020c6844e640 JavaThread "Monitor Deflation Thread" daemon [_thread_blocked, id=21336, stack(0x000000ae03100000,0x000000ae03200000)]
  0x0000020c6855ecc0 JavaThread "C2 CompilerThread0" daemon [_thread_blocked, id=27208, stack(0x000000ae03200000,0x000000ae03300000)]
  0x0000020c6855f770 JavaThread "C1 CompilerThread0" daemon [_thread_blocked, id=21956, stack(0x000000ae03300000,0x000000ae03400000)]
  0x0000020c685542c0 JavaThread "Sweeper thread" daemon [_thread_blocked, id=11692, stack(0x000000ae03400000,0x000000ae03500000)]
  0x0000020c686a08b0 JavaThread "Notification Thread" daemon [_thread_blocked, id=22120, stack(0x000000ae03500000,0x000000ae03600000)]
  0x0000020c686a5430 JavaThread "Common-Cleaner" daemon [_thread_blocked, id=22932, stack(0x000000ae03700000,0x000000ae03800000)]
  0x0000020c688f5ec0 JavaThread "QuantumRenderer-0" daemon [_thread_blocked, id=11620, stack(0x000000ae03800000,0x000000ae03900000)]
  0x0000020c68920fb0 JavaThread "InvokeLaterDispatcher" daemon [_thread_blocked, id=21108, stack(0x000000ae03900000,0x000000ae03a00000)]
  0x0000020c6d015880 JavaThread "JavaFX Application Thread" [_thread_blocked, id=4360, stack(0x000000ae03a00000,0x000000ae03b00000)]
  0x0000020c6d1dedf0 JavaThread "JavaFX-Launcher" [_thread_blocked, id=15748, stack(0x000000ae03f00000,0x000000ae04000000)]
  0x0000020c6d0a7cb0 JavaThread "Thread-2" daemon [_thread_blocked, id=23108, stack(0x000000ae03e00000,0x000000ae03f00000)]
  0x0000020c741e9820 JavaThread "Prism Font Disposer" daemon [_thread_blocked, id=25976, stack(0x000000ae04a00000,0x000000ae04b00000)]
  0x0000020c741e9d30 JavaThread "Cleaner-0" daemon [_thread_blocked, id=25784, stack(0x000000ae04b00000,0x000000ae04c00000)]
  0x0000020c741e83e0 JavaThread "pool-2-thread-1" [_thread_blocked, id=22880, stack(0x000000ae04c00000,0x000000ae04d00000)]

Other Threads:
=>0x0000020c6842b1d0 VMThread "VM Thread" [stack: 0x000000ae02b00000,0x000000ae02c00000] [id=6648]
  0x0000020c441dfa90 WatcherThread [stack: 0x000000ae03600000,0x000000ae03700000] [id=22832]
  0x0000020c441c6b20 GCTaskThread "GC Thread#0" [stack: 0x000000ae02600000,0x000000ae02700000] [id=27956]
  0x0000020c72da4d10 GCTaskThread "GC Thread#1" [stack: 0x000000ae05100000,0x000000ae05200000] [id=26816]
  0x0000020c7299de00 GCTaskThread "GC Thread#2" [stack: 0x000000ae05200000,0x000000ae05300000] [id=25312]
  0x0000020c72ab3f40 GCTaskThread "GC Thread#3" [stack: 0x000000ae05300000,0x000000ae05400000] [id=17968]
  0x0000020c74a3b090 GCTaskThread "GC Thread#4" [stack: 0x000000ae05400000,0x000000ae05500000] [id=14668]
  0x0000020c74a3b350 GCTaskThread "GC Thread#5" [stack: 0x000000ae05500000,0x000000ae05600000] [id=24428]
  0x0000020c72da3c30 GCTaskThread "GC Thread#6" [stack: 0x000000ae05600000,0x000000ae05700000] [id=19344]
  0x0000020c72da3ef0 GCTaskThread "GC Thread#7" [stack: 0x000000ae05700000,0x000000ae05800000] [id=23952]
  0x0000020c441d77f0 ConcurrentGCThread "G1 Main Marker" [stack: 0x000000ae02700000,0x000000ae02800000] [id=14932]
  0x0000020c441d89a0 ConcurrentGCThread "G1 Conc#0" [stack: 0x000000ae02800000,0x000000ae02900000] [id=26316]
  0x0000020c72c12010 ConcurrentGCThread "G1 Conc#1" [stack: 0x000000ae04000000,0x000000ae04100000] [id=18316]
  0x0000020c682e40f0 ConcurrentGCThread "G1 Refine#0" [stack: 0x000000ae02900000,0x000000ae02a00000] [id=12928]
  0x0000020c74925a70 ConcurrentGCThread "G1 Refine#1" [stack: 0x000000ae05800000,0x000000ae05900000] [id=15572]
  0x0000020c6d44bf50 ConcurrentGCThread "G1 Refine#2" [stack: 0x000000ae05900000,0x000000ae05a00000] [id=23152]
  0x0000020c682e4b20 ConcurrentGCThread "G1 Service" [stack: 0x000000ae02a00000,0x000000ae02b00000] [id=17996]

Threads with active compile tasks:

VM state: at safepoint (normal execution)

VM Mutex/Monitor currently owned by a thread:  ([mutex/lock_event])
[0x0000020c44157080] Threads_lock - owner thread: 0x0000020c6842b1d0
[0x0000020c441568a0] Heap_lock - owner thread: 0x0000020c6d015880

Heap address: 0x0000000702800000, size: 4056 MB, Compressed Oops mode: Zero based, Oop shift amount: 3

CDS archive(s) mapped at: [0x0000020c00000000-0x0000020c00bd0000-0x0000020c00bd0000), size 12386304, SharedBaseAddress: 0x0000020c00000000, ArchiveRelocationMode: 1.
Compressed class space mapped at: 0x0000020c01000000-0x0000020c41000000, reserved size: 1073741824
Narrow klass base: 0x0000020c00000000, Narrow klass shift: 0, Narrow klass range: 0x100000000

GC Precious Log:
 CPUs: 8 total, 8 available
 Memory: 16217M
 Large Page Support: Disabled
 NUMA Support: Disabled
 Compressed Oops: Enabled (Zero based)
 Heap Region Size: 2M
 Heap Min Capacity: 8M
 Heap Initial Capacity: 254M
 Heap Max Capacity: 4056M
 Pre-touch: Disabled
 Parallel Workers: 8
 Concurrent Workers: 2
 Concurrent Refinement Workers: 8
 Periodic GC: Disabled

Heap:
 garbage-first heap   total 655360K, used 282217K [0x0000000702800000, 0x0000000800000000)
  region size 2048K, 11 young (22528K), 11 survivors (22528K)
 Metaspace       used 18396K, committed 18624K, reserved 1114112K
  class space    used 2491K, committed 2624K, reserved 1048576K

Heap Regions: E=young(eden), S=young(survivor), O=old, HS=humongous(starts), HC=humongous(continues), CS=collection set, F=free, OA=open archive, CA=closed archive, TAMS=top-at-mark-start (previous, next)
|   0|0x0000000702800000, 0x0000000702a00000, 0x0000000702a00000|100%|HS|  |TAMS 0x0000000702a00000, 0x0000000702800000| Complete 
|   1|0x0000000702a00000, 0x0000000702c00000, 0x0000000702c00000|100%|HC|  |TAMS 0x0000000702c00000, 0x0000000702a00000| Complete 
|   2|0x0000000702c00000, 0x0000000702e00000, 0x0000000702e00000|100%|HS|  |TAMS 0x0000000702e00000, 0x0000000702c00000| Complete 
|   3|0x0000000702e00000, 0x0000000703000000, 0x0000000703000000|100%|HC|  |TAMS 0x0000000703000000, 0x0000000702e00000| Complete 
|   4|0x0000000703000000, 0x0000000703200000, 0x0000000703200000|100%| O|  |TAMS 0x0000000703200000, 0x0000000703000000| Untracked 
|   5|0x0000000703200000, 0x0000000703400000, 0x0000000703400000|100%| O|  |TAMS 0x0000000703400000, 0x0000000703200000| Untracked 
|   6|0x0000000703400000, 0x0000000703600000, 0x0000000703600000|100%| O|  |TAMS 0x0000000703600000, 0x0000000703400000| Untracked 
|   7|0x0000000703600000, 0x0000000703800000, 0x0000000703800000|100%| O|  |TAMS 0x0000000703800000, 0x0000000703600000| Untracked 
|   8|0x0000000703800000, 0x0000000703a00000, 0x0000000703a00000|100%| O|  |TAMS 0x0000000703800000, 0x0000000703800000| Untracked 
|   9|0x0000000703a00000, 0x0000000703c00000, 0x0000000703c00000|100%| O|  |TAMS 0x0000000703a00000, 0x0000000703a00000| Untracked 
|  10|0x0000000703c00000, 0x0000000703e00000, 0x0000000703e00000|100%| O|  |TAMS 0x0000000703c00000, 0x0000000703c00000| Untracked 
|  11|0x0000000703e00000, 0x0000000704000000, 0x0000000704000000|100%| O|  |TAMS 0x0000000703e00000, 0x0000000703e00000| Untracked 
|  12|0x0000000704000000, 0x0000000704200000, 0x0000000704200000|100%| O|  |TAMS 0x0000000704000000, 0x0000000704000000| Untracked 
|  13|0x0000000704200000, 0x0000000704400000, 0x0000000704400000|100%| O|  |TAMS 0x0000000704400000, 0x0000000704200000| Untracked 
|  14|0x0000000704400000, 0x0000000704600000, 0x0000000704600000|100%| O|  |TAMS 0x0000000704400000, 0x0000000704400000| Untracked 
|  15|0x0000000704600000, 0x0000000704800000, 0x0000000704800000|100%| O|  |TAMS 0x0000000704600000, 0x0000000704600000| Untracked 
|  16|0x0000000704800000, 0x0000000704a00000, 0x0000000704a00000|100%| O|  |TAMS 0x0000000704800000, 0x0000000704800000| Untracked 
|  17|0x0000000704a00000, 0x0000000704c00000, 0x0000000704c00000|100%| O|  |TAMS 0x0000000704a00000, 0x0000000704a00000| Untracked 
|  18|0x0000000704c00000, 0x0000000704e00000, 0x0000000704e00000|100%| O|  |TAMS 0x0000000704c00000, 0x0000000704c00000| Untracked 
|  19|0x0000000704e00000, 0x0000000705000000, 0x0000000705000000|100%| O|  |TAMS 0x0000000705000000, 0x0000000704e00000| Untracked 
|  20|0x0000000705000000, 0x0000000705200000, 0x0000000705200000|100%| O|  |TAMS 0x0000000705000000, 0x0000000705000000| Untracked 
|  21|0x0000000705200000, 0x0000000705400000, 0x0000000705400000|100%| O|  |TAMS 0x0000000705200000, 0x0000000705200000| Untracked 
|  22|0x0000000705400000, 0x0000000705600000, 0x0000000705600000|100%| O|  |TAMS 0x0000000705400000, 0x0000000705400000| Untracked 
|  23|0x0000000705600000, 0x0000000705800000, 0x0000000705800000|100%| O|  |TAMS 0x0000000705600000, 0x0000000705600000| Untracked 
|  24|0x0000000705800000, 0x0000000705a00000, 0x0000000705a00000|100%| O|  |TAMS 0x0000000705800000, 0x0000000705800000| Untracked 
|  25|0x0000000705a00000, 0x0000000705c00000, 0x0000000705c00000|100%| O|  |TAMS 0x0000000705c00000, 0x0000000705a00000| Untracked 
|  26|0x0000000705c00000, 0x0000000705e00000, 0x0000000705e00000|100%| O|  |TAMS 0x0000000705c00000, 0x0000000705c00000| Untracked 
|  27|0x0000000705e00000, 0x0000000706000000, 0x0000000706000000|100%| O|  |TAMS 0x0000000705e00000, 0x0000000705e00000| Untracked 
|  28|0x0000000706000000, 0x0000000706200000, 0x0000000706200000|100%| O|  |TAMS 0x0000000706000000, 0x0000000706000000| Untracked 
|  29|0x0000000706200000, 0x0000000706400000, 0x0000000706400000|100%| O|  |TAMS 0x0000000706200000, 0x0000000706200000| Untracked 
|  30|0x0000000706400000, 0x0000000706600000, 0x0000000706600000|100%| O|  |TAMS 0x0000000706400000, 0x0000000706400000| Untracked 
|  31|0x0000000706600000, 0x0000000706800000, 0x0000000706800000|100%| O|  |TAMS 0x0000000706600000, 0x0000000706600000| Untracked 
|  32|0x0000000706800000, 0x0000000706a00000, 0x0000000706a00000|100%| O|  |TAMS 0x0000000706800000, 0x0000000706800000| Untracked 
|  33|0x0000000706a00000, 0x0000000706c00000, 0x0000000706c00000|100%| O|  |TAMS 0x0000000706a00000, 0x0000000706a00000| Untracked 
|  34|0x0000000706c00000, 0x0000000706e00000, 0x0000000706e00000|100%| O|  |TAMS 0x0000000706c00000, 0x0000000706c00000| Untracked 
|  35|0x0000000706e00000, 0x0000000707000000, 0x0000000707000000|100%| O|  |TAMS 0x0000000706e00000, 0x0000000706e00000| Untracked 
|  36|0x0000000707000000, 0x0000000707200000, 0x0000000707200000|100%| O|  |TAMS 0x0000000707000000, 0x0000000707000000| Untracked 
|  37|0x0000000707200000, 0x0000000707400000, 0x0000000707400000|100%| O|  |TAMS 0x0000000707200000, 0x0000000707200000| Untracked 
|  38|0x0000000707400000, 0x0000000707600000, 0x0000000707600000|100%| O|  |TAMS 0x0000000707400000, 0x0000000707400000| Untracked 
|  39|0x0000000707600000, 0x0000000707800000, 0x0000000707800000|100%| O|  |TAMS 0x0000000707800000, 0x0000000707600000| Untracked 
|  40|0x0000000707800000, 0x0000000707a00000, 0x0000000707a00000|100%| O|  |TAMS 0x0000000707800000, 0x0000000707800000| Untracked 
|  41|0x0000000707a00000, 0x0000000707c00000, 0x0000000707c00000|100%| O|  |TAMS 0x0000000707a00000, 0x0000000707a00000| Untracked 
|  42|0x0000000707c00000, 0x0000000707e00000, 0x0000000707e00000|100%| O|  |TAMS 0x0000000707c00000, 0x0000000707c00000| Untracked 
|  43|0x0000000707e00000, 0x0000000708000000, 0x0000000708000000|100%| O|  |TAMS 0x0000000707e00000, 0x0000000707e00000| Untracked 
|  44|0x0000000708000000, 0x0000000708200000, 0x0000000708200000|100%| O|  |TAMS 0x0000000708000000, 0x0000000708000000| Untracked 
|  45|0x0000000708200000, 0x0000000708400000, 0x0000000708400000|100%| O|  |TAMS 0x0000000708400000, 0x0000000708200000| Untracked 
|  46|0x0000000708400000, 0x0000000708600000, 0x0000000708600000|100%| O|  |TAMS 0x0000000708400000, 0x0000000708400000| Untracked 
|  47|0x0000000708600000, 0x0000000708800000, 0x0000000708800000|100%| O|  |TAMS 0x0000000708600000, 0x0000000708600000| Untracked 
|  48|0x0000000708800000, 0x0000000708a00000, 0x0000000708a00000|100%| O|  |TAMS 0x0000000708a00000, 0x0000000708800000| Untracked 
|  49|0x0000000708a00000, 0x0000000708c00000, 0x0000000708c00000|100%| O|  |TAMS 0x0000000708a00000, 0x0000000708a00000| Untracked 
|  50|0x0000000708c00000, 0x0000000708e00000, 0x0000000708e00000|100%| O|  |TAMS 0x0000000708c00000, 0x0000000708c00000| Untracked 
|  51|0x0000000708e00000, 0x0000000709000000, 0x0000000709000000|100%| O|  |TAMS 0x0000000708e00000, 0x0000000708e00000| Untracked 
|  52|0x0000000709000000, 0x0000000709200000, 0x0000000709200000|100%| O|  |TAMS 0x0000000709000000, 0x0000000709000000| Untracked 
|  53|0x0000000709200000, 0x0000000709400000, 0x0000000709400000|100%| O|  |TAMS 0x0000000709200000, 0x0000000709200000| Untracked 
|  54|0x0000000709400000, 0x00000007094c9c00, 0x0000000709600000| 39%| O|  |TAMS 0x0000000709400000, 0x0000000709400000| Untracked 
|  55|0x0000000709600000, 0x0000000709800000, 0x0000000709800000|100%| O|  |TAMS 0x0000000709800000, 0x0000000709600000| Untracked 
|  56|0x0000000709800000, 0x0000000709a00000, 0x0000000709a00000|100%| O|  |TAMS 0x0000000709a00000, 0x0000000709800000| Untracked 
|  57|0x0000000709a00000, 0x0000000709a00000, 0x0000000709c00000|  0%| F|  |TAMS 0x0000000709a00000, 0x0000000709a00000| Untracked 
|  58|0x0000000709c00000, 0x0000000709c00000, 0x0000000709e00000|  0%| F|  |TAMS 0x0000000709c00000, 0x0000000709c00000| Untracked 
|  59|0x0000000709e00000, 0x0000000709e00000, 0x000000070a000000|  0%| F|  |TAMS 0x0000000709e00000, 0x0000000709e00000| Untracked 
|  60|0x000000070a000000, 0x000000070a000000, 0x000000070a200000|  0%| F|  |TAMS 0x000000070a000000, 0x000000070a000000| Untracked 
|  61|0x000000070a200000, 0x000000070a200000, 0x000000070a400000|  0%| F|  |TAMS 0x000000070a200000, 0x000000070a200000| Untracked 
|  62|0x000000070a400000, 0x000000070a400000, 0x000000070a600000|  0%| F|  |TAMS 0x000000070a400000, 0x000000070a400000| Untracked 
|  63|0x000000070a600000, 0x000000070a600000, 0x000000070a800000|  0%| F|  |TAMS 0x000000070a600000, 0x000000070a600000| Untracked 
|  64|0x000000070a800000, 0x000000070a800000, 0x000000070aa00000|  0%| F|  |TAMS 0x000000070a800000, 0x000000070a800000| Untracked 
|  65|0x000000070aa00000, 0x000000070aa00000, 0x000000070ac00000|  0%| F|  |TAMS 0x000000070aa00000, 0x000000070aa00000| Untracked 
|  66|0x000000070ac00000, 0x000000070ac00000, 0x000000070ae00000|  0%| F|  |TAMS 0x000000070ac00000, 0x000000070ac00000| Untracked 
|  67|0x000000070ae00000, 0x000000070ae00000, 0x000000070b000000|  0%| F|  |TAMS 0x000000070ae00000, 0x000000070ae00000| Untracked 
|  68|0x000000070b000000, 0x000000070b200000, 0x000000070b200000|100%| O|  |TAMS 0x000000070b200000, 0x000000070b000000| Untracked 
|  69|0x000000070b200000, 0x000000070b400000, 0x000000070b400000|100%| O|  |TAMS 0x000000070b400000, 0x000000070b200000| Untracked 
|  70|0x000000070b400000, 0x000000070b600000, 0x000000070b600000|100%| O|  |TAMS 0x000000070b600000, 0x000000070b400000| Untracked 
|  71|0x000000070b600000, 0x000000070b800000, 0x000000070b800000|100%| O|  |TAMS 0x000000070b800000, 0x000000070b600000| Untracked 
|  72|0x000000070b800000, 0x000000070ba00000, 0x000000070ba00000|100%| O|  |TAMS 0x000000070ba00000, 0x000000070b800000| Untracked 
|  73|0x000000070ba00000, 0x000000070bc00000, 0x000000070bc00000|100%| O|  |TAMS 0x000000070bc00000, 0x000000070ba00000| Untracked 
|  74|0x000000070bc00000, 0x000000070be00000, 0x000000070be00000|100%| O|  |TAMS 0x000000070be00000, 0x000000070bc00000| Untracked 
|  75|0x000000070be00000, 0x000000070c000000, 0x000000070c000000|100%| O|  |TAMS 0x000000070c000000, 0x000000070be00000| Untracked 
|  76|0x000000070c000000, 0x000000070c200000, 0x000000070c200000|100%| O|  |TAMS 0x000000070c200000, 0x000000070c000000| Untracked 
|  77|0x000000070c200000, 0x000000070c400000, 0x000000070c400000|100%| O|  |TAMS 0x000000070c400000, 0x000000070c200000| Untracked 
|  78|0x000000070c400000, 0x000000070c600000, 0x000000070c600000|100%| O|  |TAMS 0x000000070c600000, 0x000000070c400000| Untracked 
|  79|0x000000070c600000, 0x000000070c800000, 0x000000070c800000|100%| O|  |TAMS 0x000000070c800000, 0x000000070c600000| Untracked 
|  80|0x000000070c800000, 0x000000070ca00000, 0x000000070ca00000|100%| O|  |TAMS 0x000000070ca00000, 0x000000070c800000| Untracked 
|  81|0x000000070ca00000, 0x000000070cc00000, 0x000000070cc00000|100%| O|  |TAMS 0x000000070cc00000, 0x000000070ca00000| Untracked 
|  82|0x000000070cc00000, 0x000000070ce00000, 0x000000070ce00000|100%| O|  |TAMS 0x000000070ce00000, 0x000000070cc00000| Untracked 
|  83|0x000000070ce00000, 0x000000070d000000, 0x000000070d000000|100%| O|  |TAMS 0x000000070d000000, 0x000000070ce00000| Untracked 
|  84|0x000000070d000000, 0x000000070d200000, 0x000000070d200000|100%| O|  |TAMS 0x000000070d200000, 0x000000070d000000| Untracked 
|  85|0x000000070d200000, 0x000000070d400000, 0x000000070d400000|100%| O|  |TAMS 0x000000070d400000, 0x000000070d200000| Untracked 
|  86|0x000000070d400000, 0x000000070d600000, 0x000000070d600000|100%| O|  |TAMS 0x000000070d600000, 0x000000070d400000| Untracked 
|  87|0x000000070d600000, 0x000000070d800000, 0x000000070d800000|100%| O|  |TAMS 0x000000070d800000, 0x000000070d600000| Untracked 
|  88|0x000000070d800000, 0x000000070da00000, 0x000000070da00000|100%| O|  |TAMS 0x000000070da00000, 0x000000070d800000| Untracked 
|  89|0x000000070da00000, 0x000000070dc00000, 0x000000070dc00000|100%| O|  |TAMS 0x000000070dc00000, 0x000000070da00000| Untracked 
|  90|0x000000070dc00000, 0x000000070de00000, 0x000000070de00000|100%| O|  |TAMS 0x000000070de00000, 0x000000070dc00000| Untracked 
|  91|0x000000070de00000, 0x000000070e000000, 0x000000070e000000|100%| O|  |TAMS 0x000000070e000000, 0x000000070de00000| Untracked 
|  92|0x000000070e000000, 0x000000070e200000, 0x000000070e200000|100%| O|  |TAMS 0x000000070e200000, 0x000000070e000000| Untracked 
|  93|0x000000070e200000, 0x000000070e400000, 0x000000070e400000|100%| O|  |TAMS 0x000000070e400000, 0x000000070e200000| Untracked 
|  94|0x000000070e400000, 0x000000070e600000, 0x000000070e600000|100%| O|  |TAMS 0x000000070e600000, 0x000000070e400000| Untracked 
|  95|0x000000070e600000, 0x000000070e800000, 0x000000070e800000|100%| O|  |TAMS 0x000000070e800000, 0x000000070e600000| Untracked 
|  96|0x000000070e800000, 0x000000070ea00000, 0x000000070ea00000|100%| O|  |TAMS 0x000000070ea00000, 0x000000070e800000| Untracked 
|  97|0x000000070ea00000, 0x000000070ec00000, 0x000000070ec00000|100%| O|  |TAMS 0x000000070ec00000, 0x000000070ea00000| Untracked 
|  98|0x000000070ec00000, 0x000000070ee00000, 0x000000070ee00000|100%| O|  |TAMS 0x000000070ee00000, 0x000000070ec00000| Untracked 
|  99|0x000000070ee00000, 0x000000070f000000, 0x000000070f000000|100%| O|  |TAMS 0x000000070f000000, 0x000000070ee00000| Untracked 
| 100|0x000000070f000000, 0x000000070f200000, 0x000000070f200000|100%| O|  |TAMS 0x000000070f200000, 0x000000070f000000| Untracked 
| 101|0x000000070f200000, 0x000000070f400000, 0x000000070f400000|100%| O|  |TAMS 0x000000070f400000, 0x000000070f200000| Untracked 
| 102|0x000000070f400000, 0x000000070f600000, 0x000000070f600000|100%| O|  |TAMS 0x000000070f600000, 0x000000070f400000| Untracked 
| 103|0x000000070f600000, 0x000000070f800000, 0x000000070f800000|100%| O|  |TAMS 0x000000070f800000, 0x000000070f600000| Untracked 
| 104|0x000000070f800000, 0x000000070fa00000, 0x000000070fa00000|100%| O|  |TAMS 0x000000070fa00000, 0x000000070f800000| Untracked 
| 105|0x000000070fa00000, 0x000000070fc00000, 0x000000070fc00000|100%| O|  |TAMS 0x000000070fc00000, 0x000000070fa00000| Untracked 
| 106|0x000000070fc00000, 0x000000070fe00000, 0x000000070fe00000|100%| O|  |TAMS 0x000000070fe00000, 0x000000070fc00000| Untracked 
| 107|0x000000070fe00000, 0x0000000710000000, 0x0000000710000000|100%| O|  |TAMS 0x0000000710000000, 0x000000070fe00000| Untracked 
| 108|0x0000000710000000, 0x0000000710200000, 0x0000000710200000|100%| O|  |TAMS 0x0000000710200000, 0x0000000710000000| Untracked 
| 109|0x0000000710200000, 0x0000000710400000, 0x0000000710400000|100%| O|  |TAMS 0x0000000710400000, 0x0000000710200000| Untracked 
| 110|0x0000000710400000, 0x0000000710600000, 0x0000000710600000|100%| O|  |TAMS 0x0000000710600000, 0x0000000710400000| Untracked 
| 111|0x0000000710600000, 0x0000000710800000, 0x0000000710800000|100%| O|  |TAMS 0x0000000710800000, 0x0000000710600000| Untracked 
| 112|0x0000000710800000, 0x0000000710a00000, 0x0000000710a00000|100%| O|  |TAMS 0x0000000710a00000, 0x0000000710800000| Untracked 
| 113|0x0000000710a00000, 0x0000000710c00000, 0x0000000710c00000|100%| O|  |TAMS 0x0000000710c00000, 0x0000000710a00000| Untracked 
| 114|0x0000000710c00000, 0x0000000710e00000, 0x0000000710e00000|100%| O|  |TAMS 0x0000000710e00000, 0x0000000710c00000| Untracked 
| 115|0x0000000710e00000, 0x0000000711000000, 0x0000000711000000|100%| O|  |TAMS 0x0000000711000000, 0x0000000710e00000| Untracked 
| 116|0x0000000711000000, 0x0000000711200000, 0x0000000711200000|100%| O|  |TAMS 0x0000000711200000, 0x0000000711000000| Untracked 
| 117|0x0000000711200000, 0x0000000711400000, 0x0000000711400000|100%| O|  |TAMS 0x0000000711400000, 0x0000000711200000| Untracked 
| 118|0x0000000711400000, 0x0000000711600000, 0x0000000711600000|100%| O|  |TAMS 0x0000000711600000, 0x0000000711400000| Untracked 
| 119|0x0000000711600000, 0x0000000711800000, 0x0000000711800000|100%| O|  |TAMS 0x0000000711800000, 0x0000000711600000| Untracked 
| 120|0x0000000711800000, 0x0000000711a00000, 0x0000000711a00000|100%| O|  |TAMS 0x00000007119f2c00, 0x0000000711800000| Untracked 
| 121|0x0000000711a00000, 0x0000000711c00000, 0x0000000711c00000|100%| O|  |TAMS 0x0000000711a00000, 0x0000000711a00000| Untracked 
| 122|0x0000000711c00000, 0x0000000711e00000, 0x0000000711e00000|100%| O|  |TAMS 0x0000000711c00000, 0x0000000711c00000| Untracked 
| 123|0x0000000711e00000, 0x0000000712000000, 0x0000000712000000|100%| O|  |TAMS 0x0000000711e00000, 0x0000000711e00000| Untracked 
| 124|0x0000000712000000, 0x0000000712200000, 0x0000000712200000|100%| O|  |TAMS 0x0000000712000000, 0x0000000712000000| Untracked 
| 125|0x0000000712200000, 0x0000000712400000, 0x0000000712400000|100%| O|  |TAMS 0x0000000712200000, 0x0000000712200000| Untracked 
| 126|0x0000000712400000, 0x0000000712600000, 0x0000000712600000|100%| O|  |TAMS 0x0000000712400000, 0x0000000712400000| Untracked 
| 127|0x0000000712600000, 0x0000000712800000, 0x0000000712800000|100%| O|  |TAMS 0x0000000712600000, 0x0000000712600000| Untracked 
| 128|0x0000000712800000, 0x0000000712a00000, 0x0000000712a00000|100%| O|  |TAMS 0x0000000712800000, 0x0000000712800000| Untracked 
| 129|0x0000000712a00000, 0x0000000712c00000, 0x0000000712c00000|100%| O|  |TAMS 0x0000000712a00000, 0x0000000712a00000| Untracked 
| 130|0x0000000712c00000, 0x0000000712e00000, 0x0000000712e00000|100%| O|  |TAMS 0x0000000712c00000, 0x0000000712c00000| Untracked 
| 131|0x0000000712e00000, 0x0000000713000000, 0x0000000713000000|100%| O|  |TAMS 0x0000000712e00000, 0x0000000712e00000| Untracked 
| 132|0x0000000713000000, 0x0000000713200000, 0x0000000713200000|100%| O|  |TAMS 0x0000000713000000, 0x0000000713000000| Untracked 
| 133|0x0000000713200000, 0x0000000713400000, 0x0000000713400000|100%| O|  |TAMS 0x0000000713200000, 0x0000000713200000| Untracked 
| 134|0x0000000713400000, 0x0000000713600000, 0x0000000713600000|100%| O|  |TAMS 0x0000000713400000, 0x0000000713400000| Untracked 
| 135|0x0000000713600000, 0x0000000713800000, 0x0000000713800000|100%| O|  |TAMS 0x0000000713600000, 0x0000000713600000| Untracked 
| 136|0x0000000713800000, 0x0000000713a00000, 0x0000000713a00000|100%| O|  |TAMS 0x0000000713800000, 0x0000000713800000| Untracked 
| 137|0x0000000713a00000, 0x0000000713c00000, 0x0000000713c00000|100%| O|  |TAMS 0x0000000713a00000, 0x0000000713a00000| Untracked 
| 138|0x0000000713c00000, 0x0000000713e00000, 0x0000000713e00000|100%| O|  |TAMS 0x0000000713c00000, 0x0000000713c00000| Untracked 
| 139|0x0000000713e00000, 0x0000000713e00000, 0x0000000714000000|  0%| F|  |TAMS 0x0000000713e00000, 0x0000000713e00000| Untracked 
| 140|0x0000000714000000, 0x0000000714000000, 0x0000000714200000|  0%| F|  |TAMS 0x0000000714000000, 0x0000000714000000| Untracked 
| 141|0x0000000714200000, 0x0000000714200000, 0x0000000714400000|  0%| F|  |TAMS 0x0000000714200000, 0x0000000714200000| Untracked 
| 142|0x0000000714400000, 0x0000000714400000, 0x0000000714600000|  0%| F|  |TAMS 0x0000000714400000, 0x0000000714400000| Untracked 
| 143|0x0000000714600000, 0x0000000714600000, 0x0000000714800000|  0%| F|  |TAMS 0x0000000714600000, 0x0000000714600000| Untracked 
| 144|0x0000000714800000, 0x0000000714800000, 0x0000000714a00000|  0%| F|  |TAMS 0x0000000714800000, 0x0000000714800000| Untracked 
| 145|0x0000000714a00000, 0x0000000714a00000, 0x0000000714c00000|  0%| F|  |TAMS 0x0000000714a00000, 0x0000000714a00000| Untracked 
| 146|0x0000000714c00000, 0x0000000714c00000, 0x0000000714e00000|  0%| F|  |TAMS 0x0000000714c00000, 0x0000000714c00000| Untracked 
| 147|0x0000000714e00000, 0x0000000714e00000, 0x0000000715000000|  0%| F|  |TAMS 0x0000000714e00000, 0x0000000714e00000| Untracked 
| 148|0x0000000715000000, 0x0000000715000000, 0x0000000715200000|  0%| F|  |TAMS 0x0000000715000000, 0x0000000715000000| Untracked 
| 149|0x0000000715200000, 0x0000000715200000, 0x0000000715400000|  0%| F|  |TAMS 0x0000000715200000, 0x0000000715200000| Untracked 
| 150|0x0000000715400000, 0x0000000715400000, 0x0000000715600000|  0%| F|  |TAMS 0x0000000715400000, 0x0000000715400000| Untracked 
| 151|0x0000000715600000, 0x0000000715600000, 0x0000000715800000|  0%| F|  |TAMS 0x0000000715600000, 0x0000000715600000| Untracked 
| 152|0x0000000715800000, 0x0000000715800000, 0x0000000715a00000|  0%| F|  |TAMS 0x0000000715800000, 0x0000000715800000| Untracked 
| 153|0x0000000715a00000, 0x0000000715a00000, 0x0000000715c00000|  0%| F|  |TAMS 0x0000000715a00000, 0x0000000715a00000| Untracked 
| 154|0x0000000715c00000, 0x0000000715c00000, 0x0000000715e00000|  0%| F|  |TAMS 0x0000000715c00000, 0x0000000715c00000| Untracked 
| 155|0x0000000715e00000, 0x0000000715e00000, 0x0000000716000000|  0%| F|  |TAMS 0x0000000715e00000, 0x0000000715e00000| Untracked 
| 156|0x0000000716000000, 0x0000000716000000, 0x0000000716200000|  0%| F|  |TAMS 0x0000000716000000, 0x0000000716000000| Untracked 
| 157|0x0000000716200000, 0x0000000716200000, 0x0000000716400000|  0%| F|  |TAMS 0x0000000716200000, 0x0000000716200000| Untracked 
| 158|0x0000000716400000, 0x0000000716400000, 0x0000000716600000|  0%| F|  |TAMS 0x0000000716400000, 0x0000000716400000| Untracked 
| 159|0x0000000716600000, 0x0000000716600000, 0x0000000716800000|  0%| F|  |TAMS 0x0000000716600000, 0x0000000716600000| Untracked 
| 160|0x0000000716800000, 0x0000000716800000, 0x0000000716a00000|  0%| F|  |TAMS 0x0000000716800000, 0x0000000716800000| Untracked 
| 161|0x0000000716a00000, 0x0000000716a00000, 0x0000000716c00000|  0%| F|  |TAMS 0x0000000716a00000, 0x0000000716a00000| Untracked 
| 162|0x0000000716c00000, 0x0000000716c00000, 0x0000000716e00000|  0%| F|  |TAMS 0x0000000716c00000, 0x0000000716c00000| Untracked 
| 163|0x0000000716e00000, 0x0000000716e00000, 0x0000000717000000|  0%| F|  |TAMS 0x0000000716e00000, 0x0000000716e00000| Untracked 
| 164|0x0000000717000000, 0x0000000717000000, 0x0000000717200000|  0%| F|  |TAMS 0x0000000717000000, 0x0000000717000000| Untracked 
| 165|0x0000000717200000, 0x0000000717200000, 0x0000000717400000|  0%| F|  |TAMS 0x0000000717200000, 0x0000000717200000| Untracked 
| 166|0x0000000717400000, 0x0000000717400000, 0x0000000717600000|  0%| F|  |TAMS 0x0000000717400000, 0x0000000717400000| Untracked 
| 167|0x0000000717600000, 0x0000000717600000, 0x0000000717800000|  0%| F|  |TAMS 0x0000000717600000, 0x0000000717600000| Untracked 
| 168|0x0000000717800000, 0x0000000717800000, 0x0000000717a00000|  0%| F|  |TAMS 0x0000000717800000, 0x0000000717800000| Untracked 
| 169|0x0000000717a00000, 0x0000000717a00000, 0x0000000717c00000|  0%| F|  |TAMS 0x0000000717a00000, 0x0000000717a00000| Untracked 
| 170|0x0000000717c00000, 0x0000000717c00000, 0x0000000717e00000|  0%| F|  |TAMS 0x0000000717c00000, 0x0000000717c00000| Untracked 
| 171|0x0000000717e00000, 0x0000000717e00000, 0x0000000718000000|  0%| F|  |TAMS 0x0000000717e00000, 0x0000000717e00000| Untracked 
| 172|0x0000000718000000, 0x0000000718000000, 0x0000000718200000|  0%| F|  |TAMS 0x0000000718000000, 0x0000000718000000| Untracked 
| 173|0x0000000718200000, 0x0000000718200000, 0x0000000718400000|  0%| F|  |TAMS 0x0000000718200000, 0x0000000718200000| Untracked 
| 174|0x0000000718400000, 0x0000000718400000, 0x0000000718600000|  0%| F|  |TAMS 0x0000000718400000, 0x0000000718400000| Untracked 
| 175|0x0000000718600000, 0x0000000718600000, 0x0000000718800000|  0%| F|  |TAMS 0x0000000718600000, 0x0000000718600000| Untracked 
| 176|0x0000000718800000, 0x0000000718800000, 0x0000000718a00000|  0%| F|  |TAMS 0x0000000718800000, 0x0000000718800000| Untracked 
| 177|0x0000000718a00000, 0x0000000718a00000, 0x0000000718c00000|  0%| F|  |TAMS 0x0000000718a00000, 0x0000000718a00000| Untracked 
| 178|0x0000000718c00000, 0x0000000718c00000, 0x0000000718e00000|  0%| F|  |TAMS 0x0000000718c00000, 0x0000000718c00000| Untracked 
| 179|0x0000000718e00000, 0x0000000718e00000, 0x0000000719000000|  0%| F|  |TAMS 0x0000000718e00000, 0x0000000718e00000| Untracked 
| 180|0x0000000719000000, 0x0000000719000000, 0x0000000719200000|  0%| F|  |TAMS 0x0000000719000000, 0x0000000719000000| Untracked 
| 181|0x0000000719200000, 0x0000000719200000, 0x0000000719400000|  0%| F|  |TAMS 0x0000000719200000, 0x0000000719200000| Untracked 
| 182|0x0000000719400000, 0x0000000719400000, 0x0000000719600000|  0%| F|  |TAMS 0x0000000719400000, 0x0000000719400000| Untracked 
| 183|0x0000000719600000, 0x0000000719600000, 0x0000000719800000|  0%| F|  |TAMS 0x0000000719600000, 0x0000000719600000| Untracked 
| 184|0x0000000719800000, 0x0000000719800000, 0x0000000719a00000|  0%| F|  |TAMS 0x0000000719800000, 0x0000000719800000| Untracked 
| 185|0x0000000719a00000, 0x0000000719ad0a80, 0x0000000719c00000| 40%| S|CS|TAMS 0x0000000719a00000, 0x0000000719a00000| Complete 
| 186|0x0000000719c00000, 0x0000000719e00000, 0x0000000719e00000|100%| S|CS|TAMS 0x0000000719c00000, 0x0000000719c00000| Complete 
| 187|0x0000000719e00000, 0x000000071a000000, 0x000000071a000000|100%| S|CS|TAMS 0x0000000719e00000, 0x0000000719e00000| Complete 
| 188|0x000000071a000000, 0x000000071a200000, 0x000000071a200000|100%| S|CS|TAMS 0x000000071a000000, 0x000000071a000000| Complete 
| 189|0x000000071a200000, 0x000000071a400000, 0x000000071a400000|100%| S|CS|TAMS 0x000000071a200000, 0x000000071a200000| Complete 
| 190|0x000000071a400000, 0x000000071a600000, 0x000000071a600000|100%| S|CS|TAMS 0x000000071a400000, 0x000000071a400000| Complete 
| 191|0x000000071a600000, 0x000000071a800000, 0x000000071a800000|100%| S|CS|TAMS 0x000000071a600000, 0x000000071a600000| Complete 
| 192|0x000000071a800000, 0x000000071aa00000, 0x000000071aa00000|100%| S|CS|TAMS 0x000000071a800000, 0x000000071a800000| Complete 
| 193|0x000000071aa00000, 0x000000071ac00000, 0x000000071ac00000|100%| S|CS|TAMS 0x000000071aa00000, 0x000000071aa00000| Complete 
| 194|0x000000071ac00000, 0x000000071ae00000, 0x000000071ae00000|100%| S|CS|TAMS 0x000000071ac00000, 0x000000071ac00000| Complete 
| 195|0x000000071ae00000, 0x000000071b000000, 0x000000071b000000|100%| S|CS|TAMS 0x000000071ae00000, 0x000000071ae00000| Complete 
| 196|0x000000071b000000, 0x000000071b000000, 0x000000071b200000|  0%| F|  |TAMS 0x000000071b000000, 0x000000071b000000| Untracked 
| 197|0x000000071b200000, 0x000000071b200000, 0x000000071b400000|  0%| F|  |TAMS 0x000000071b200000, 0x000000071b200000| Untracked 
| 198|0x000000071b400000, 0x000000071b400000, 0x000000071b600000|  0%| F|  |TAMS 0x000000071b400000, 0x000000071b400000| Untracked 
| 199|0x000000071b600000, 0x000000071b600000, 0x000000071b800000|  0%| F|  |TAMS 0x000000071b600000, 0x000000071b600000| Untracked 
| 200|0x000000071b800000, 0x000000071b800000, 0x000000071ba00000|  0%| F|  |TAMS 0x000000071b800000, 0x000000071b800000| Untracked 
| 201|0x000000071ba00000, 0x000000071ba00000, 0x000000071bc00000|  0%| F|  |TAMS 0x000000071ba00000, 0x000000071ba00000| Untracked 
| 202|0x000000071bc00000, 0x000000071bc00000, 0x000000071be00000|  0%| F|  |TAMS 0x000000071bc00000, 0x000000071bc00000| Untracked 
| 203|0x000000071be00000, 0x000000071be00000, 0x000000071c000000|  0%| F|  |TAMS 0x000000071be00000, 0x000000071be00000| Untracked 
| 204|0x000000071c000000, 0x000000071c000000, 0x000000071c200000|  0%| F|  |TAMS 0x000000071c000000, 0x000000071c000000| Untracked 
| 205|0x000000071c200000, 0x000000071c200000, 0x000000071c400000|  0%| F|  |TAMS 0x000000071c200000, 0x000000071c200000| Untracked 
| 206|0x000000071c400000, 0x000000071c400000, 0x000000071c600000|  0%| F|  |TAMS 0x000000071c400000, 0x000000071c400000| Untracked 
| 207|0x000000071c600000, 0x000000071c600000, 0x000000071c800000|  0%| F|  |TAMS 0x000000071c600000, 0x000000071c600000| Untracked 
| 208|0x000000071c800000, 0x000000071c800000, 0x000000071ca00000|  0%| F|  |TAMS 0x000000071c800000, 0x000000071c800000| Untracked 
| 209|0x000000071ca00000, 0x000000071ca00000, 0x000000071cc00000|  0%| F|  |TAMS 0x000000071ca00000, 0x000000071ca00000| Untracked 
| 210|0x000000071cc00000, 0x000000071cc00000, 0x000000071ce00000|  0%| F|  |TAMS 0x000000071cc00000, 0x000000071cc00000| Untracked 
| 211|0x000000071ce00000, 0x000000071ce00000, 0x000000071d000000|  0%| F|  |TAMS 0x000000071ce00000, 0x000000071ce00000| Untracked 
| 212|0x000000071d000000, 0x000000071d000000, 0x000000071d200000|  0%| F|  |TAMS 0x000000071d000000, 0x000000071d000000| Untracked 
| 213|0x000000071d200000, 0x000000071d200000, 0x000000071d400000|  0%| F|  |TAMS 0x000000071d200000, 0x000000071d200000| Untracked 
| 214|0x000000071d400000, 0x000000071d400000, 0x000000071d600000|  0%| F|  |TAMS 0x000000071d400000, 0x000000071d400000| Untracked 
| 215|0x000000071d600000, 0x000000071d600000, 0x000000071d800000|  0%| F|  |TAMS 0x000000071d600000, 0x000000071d600000| Untracked 
| 216|0x000000071d800000, 0x000000071d800000, 0x000000071da00000|  0%| F|  |TAMS 0x000000071d800000, 0x000000071d800000| Untracked 
| 217|0x000000071da00000, 0x000000071da00000, 0x000000071dc00000|  0%| F|  |TAMS 0x000000071da00000, 0x000000071da00000| Untracked 
| 218|0x000000071dc00000, 0x000000071dc00000, 0x000000071de00000|  0%| F|  |TAMS 0x000000071dc00000, 0x000000071dc00000| Untracked 
| 219|0x000000071de00000, 0x000000071de00000, 0x000000071e000000|  0%| F|  |TAMS 0x000000071de00000, 0x000000071de00000| Untracked 
| 220|0x000000071e000000, 0x000000071e000000, 0x000000071e200000|  0%| F|  |TAMS 0x000000071e000000, 0x000000071e000000| Untracked 
| 221|0x000000071e200000, 0x000000071e200000, 0x000000071e400000|  0%| F|  |TAMS 0x000000071e200000, 0x000000071e200000| Untracked 
| 222|0x000000071e400000, 0x000000071e400000, 0x000000071e600000|  0%| F|  |TAMS 0x000000071e400000, 0x000000071e400000| Untracked 
| 223|0x000000071e600000, 0x000000071e600000, 0x000000071e800000|  0%| F|  |TAMS 0x000000071e600000, 0x000000071e600000| Untracked 
| 224|0x000000071e800000, 0x000000071e800000, 0x000000071ea00000|  0%| F|  |TAMS 0x000000071e800000, 0x000000071e800000| Untracked 
| 225|0x000000071ea00000, 0x000000071ea00000, 0x000000071ec00000|  0%| F|  |TAMS 0x000000071ea00000, 0x000000071ea00000| Untracked 
| 226|0x000000071ec00000, 0x000000071ec00000, 0x000000071ee00000|  0%| F|  |TAMS 0x000000071ec00000, 0x000000071ec00000| Untracked 
| 227|0x000000071ee00000, 0x000000071ee00000, 0x000000071f000000|  0%| F|  |TAMS 0x000000071ee00000, 0x000000071ee00000| Untracked 
| 228|0x000000071f000000, 0x000000071f000000, 0x000000071f200000|  0%| F|  |TAMS 0x000000071f000000, 0x000000071f000000| Untracked 
| 229|0x000000071f200000, 0x000000071f200000, 0x000000071f400000|  0%| F|  |TAMS 0x000000071f200000, 0x000000071f200000| Untracked 
| 230|0x000000071f400000, 0x000000071f400000, 0x000000071f600000|  0%| F|  |TAMS 0x000000071f400000, 0x000000071f400000| Untracked 
| 231|0x000000071f600000, 0x000000071f600000, 0x000000071f800000|  0%| F|  |TAMS 0x000000071f600000, 0x000000071f600000| Untracked 
| 232|0x000000071f800000, 0x000000071f800000, 0x000000071fa00000|  0%| F|  |TAMS 0x000000071f800000, 0x000000071f800000| Untracked 
| 233|0x000000071fa00000, 0x000000071fa00000, 0x000000071fc00000|  0%| F|  |TAMS 0x000000071fa00000, 0x000000071fa00000| Untracked 
| 234|0x000000071fc00000, 0x000000071fc00000, 0x000000071fe00000|  0%| F|  |TAMS 0x000000071fc00000, 0x000000071fc00000| Untracked 
| 235|0x000000071fe00000, 0x000000071fe00000, 0x0000000720000000|  0%| F|  |TAMS 0x000000071fe00000, 0x000000071fe00000| Untracked 
| 236|0x0000000720000000, 0x0000000720000000, 0x0000000720200000|  0%| F|  |TAMS 0x0000000720000000, 0x0000000720000000| Untracked 
| 237|0x0000000720200000, 0x0000000720200000, 0x0000000720400000|  0%| F|  |TAMS 0x0000000720200000, 0x0000000720200000| Untracked 
| 238|0x0000000720400000, 0x0000000720400000, 0x0000000720600000|  0%| F|  |TAMS 0x0000000720400000, 0x0000000720400000| Untracked 
| 239|0x0000000720600000, 0x0000000720600000, 0x0000000720800000|  0%| F|  |TAMS 0x0000000720600000, 0x0000000720600000| Untracked 
| 240|0x0000000720800000, 0x0000000720800000, 0x0000000720a00000|  0%| F|  |TAMS 0x0000000720800000, 0x0000000720800000| Untracked 
| 241|0x0000000720a00000, 0x0000000720a00000, 0x0000000720c00000|  0%| F|  |TAMS 0x0000000720a00000, 0x0000000720a00000| Untracked 
| 242|0x0000000720c00000, 0x0000000720c00000, 0x0000000720e00000|  0%| F|  |TAMS 0x0000000720c00000, 0x0000000720c00000| Untracked 
| 243|0x0000000720e00000, 0x0000000720e00000, 0x0000000721000000|  0%| F|  |TAMS 0x0000000720e00000, 0x0000000720e00000| Untracked 
| 244|0x0000000721000000, 0x0000000721000000, 0x0000000721200000|  0%| F|  |TAMS 0x0000000721000000, 0x0000000721000000| Untracked 
| 245|0x0000000721200000, 0x0000000721200000, 0x0000000721400000|  0%| F|  |TAMS 0x0000000721200000, 0x0000000721200000| Untracked 
| 246|0x0000000721400000, 0x0000000721400000, 0x0000000721600000|  0%| F|  |TAMS 0x0000000721400000, 0x0000000721400000| Untracked 
| 247|0x0000000721600000, 0x0000000721600000, 0x0000000721800000|  0%| F|  |TAMS 0x0000000721600000, 0x0000000721600000| Untracked 
| 248|0x0000000721800000, 0x0000000721800000, 0x0000000721a00000|  0%| F|  |TAMS 0x0000000721800000, 0x0000000721800000| Untracked 
| 249|0x0000000721a00000, 0x0000000721a00000, 0x0000000721c00000|  0%| F|  |TAMS 0x0000000721a00000, 0x0000000721a00000| Untracked 
| 250|0x0000000721c00000, 0x0000000721c00000, 0x0000000721e00000|  0%| F|  |TAMS 0x0000000721c00000, 0x0000000721c00000| Untracked 
| 251|0x0000000721e00000, 0x0000000721e00000, 0x0000000722000000|  0%| F|  |TAMS 0x0000000721e00000, 0x0000000721e00000| Untracked 
| 252|0x0000000722000000, 0x0000000722000000, 0x0000000722200000|  0%| F|  |TAMS 0x0000000722000000, 0x0000000722000000| Untracked 
| 253|0x0000000722200000, 0x0000000722200000, 0x0000000722400000|  0%| F|  |TAMS 0x0000000722200000, 0x0000000722200000| Untracked 
| 254|0x0000000722400000, 0x0000000722400000, 0x0000000722600000|  0%| F|  |TAMS 0x0000000722400000, 0x0000000722400000| Untracked 
| 255|0x0000000722600000, 0x0000000722600000, 0x0000000722800000|  0%| F|  |TAMS 0x0000000722600000, 0x0000000722600000| Untracked 
| 256|0x0000000722800000, 0x0000000722800000, 0x0000000722a00000|  0%| F|  |TAMS 0x0000000722800000, 0x0000000722800000| Untracked 
| 257|0x0000000722a00000, 0x0000000722a00000, 0x0000000722c00000|  0%| F|  |TAMS 0x0000000722a00000, 0x0000000722a00000| Untracked 
| 258|0x0000000722c00000, 0x0000000722c00000, 0x0000000722e00000|  0%| F|  |TAMS 0x0000000722c00000, 0x0000000722c00000| Untracked 
| 259|0x0000000722e00000, 0x0000000722e00000, 0x0000000723000000|  0%| F|  |TAMS 0x0000000722e00000, 0x0000000722e00000| Untracked 
| 260|0x0000000723000000, 0x0000000723000000, 0x0000000723200000|  0%| F|  |TAMS 0x0000000723000000, 0x0000000723000000| Untracked 
| 261|0x0000000723200000, 0x0000000723200000, 0x0000000723400000|  0%| F|  |TAMS 0x0000000723200000, 0x0000000723200000| Untracked 
| 262|0x0000000723400000, 0x0000000723400000, 0x0000000723600000|  0%| F|  |TAMS 0x0000000723400000, 0x0000000723400000| Untracked 
| 263|0x0000000723600000, 0x0000000723600000, 0x0000000723800000|  0%| F|  |TAMS 0x0000000723600000, 0x0000000723600000| Untracked 
| 264|0x0000000723800000, 0x0000000723800000, 0x0000000723a00000|  0%| F|  |TAMS 0x0000000723800000, 0x0000000723800000| Untracked 
| 265|0x0000000723a00000, 0x0000000723a00000, 0x0000000723c00000|  0%| F|  |TAMS 0x0000000723a00000, 0x0000000723a00000| Untracked 
| 266|0x0000000723c00000, 0x0000000723c00000, 0x0000000723e00000|  0%| F|  |TAMS 0x0000000723c00000, 0x0000000723c00000| Untracked 
| 267|0x0000000723e00000, 0x0000000723e00000, 0x0000000724000000|  0%| F|  |TAMS 0x0000000723e00000, 0x0000000723e00000| Untracked 
| 268|0x0000000724000000, 0x0000000724000000, 0x0000000724200000|  0%| F|  |TAMS 0x0000000724000000, 0x0000000724000000| Untracked 
| 269|0x0000000724200000, 0x0000000724200000, 0x0000000724400000|  0%| F|  |TAMS 0x0000000724200000, 0x0000000724200000| Untracked 
| 270|0x0000000724400000, 0x0000000724400000, 0x0000000724600000|  0%| F|  |TAMS 0x0000000724400000, 0x0000000724400000| Untracked 
| 271|0x0000000724600000, 0x0000000724600000, 0x0000000724800000|  0%| F|  |TAMS 0x0000000724600000, 0x0000000724600000| Untracked 
| 272|0x0000000724800000, 0x0000000724800000, 0x0000000724a00000|  0%| F|  |TAMS 0x0000000724800000, 0x0000000724800000| Untracked 
| 273|0x0000000724a00000, 0x0000000724a00000, 0x0000000724c00000|  0%| F|  |TAMS 0x0000000724a00000, 0x0000000724a00000| Untracked 
| 274|0x0000000724c00000, 0x0000000724c00000, 0x0000000724e00000|  0%| F|  |TAMS 0x0000000724c00000, 0x0000000724c00000| Untracked 
| 275|0x0000000724e00000, 0x0000000724e00000, 0x0000000725000000|  0%| F|  |TAMS 0x0000000724e00000, 0x0000000724e00000| Untracked 
| 276|0x0000000725000000, 0x0000000725000000, 0x0000000725200000|  0%| F|  |TAMS 0x0000000725000000, 0x0000000725000000| Untracked 
| 277|0x0000000725200000, 0x0000000725200000, 0x0000000725400000|  0%| F|  |TAMS 0x0000000725200000, 0x0000000725200000| Untracked 
| 278|0x0000000725400000, 0x0000000725400000, 0x0000000725600000|  0%| F|  |TAMS 0x0000000725400000, 0x0000000725400000| Untracked 
| 279|0x0000000725600000, 0x0000000725600000, 0x0000000725800000|  0%| F|  |TAMS 0x0000000725600000, 0x0000000725600000| Untracked 
| 280|0x0000000725800000, 0x0000000725800000, 0x0000000725a00000|  0%| F|  |TAMS 0x0000000725800000, 0x0000000725800000| Untracked 
| 281|0x0000000725a00000, 0x0000000725a00000, 0x0000000725c00000|  0%| F|  |TAMS 0x0000000725a00000, 0x0000000725a00000| Untracked 
| 282|0x0000000725c00000, 0x0000000725c00000, 0x0000000725e00000|  0%| F|  |TAMS 0x0000000725c00000, 0x0000000725c00000| Untracked 
| 283|0x0000000725e00000, 0x0000000725e00000, 0x0000000726000000|  0%| F|  |TAMS 0x0000000725e00000, 0x0000000725e00000| Untracked 
| 284|0x0000000726000000, 0x0000000726000000, 0x0000000726200000|  0%| F|  |TAMS 0x0000000726000000, 0x0000000726000000| Untracked 
| 285|0x0000000726200000, 0x0000000726200000, 0x0000000726400000|  0%| F|  |TAMS 0x0000000726200000, 0x0000000726200000| Untracked 
| 286|0x0000000726400000, 0x0000000726400000, 0x0000000726600000|  0%| F|  |TAMS 0x0000000726400000, 0x0000000726400000| Untracked 
| 287|0x0000000726600000, 0x0000000726600000, 0x0000000726800000|  0%| F|  |TAMS 0x0000000726600000, 0x0000000726600000| Untracked 
| 288|0x0000000726800000, 0x0000000726800000, 0x0000000726a00000|  0%| F|  |TAMS 0x0000000726800000, 0x0000000726800000| Untracked 
| 289|0x0000000726a00000, 0x0000000726a00000, 0x0000000726c00000|  0%| F|  |TAMS 0x0000000726a00000, 0x0000000726a00000| Untracked 
| 290|0x0000000726c00000, 0x0000000726c00000, 0x0000000726e00000|  0%| F|  |TAMS 0x0000000726c00000, 0x0000000726c00000| Untracked 
| 291|0x0000000726e00000, 0x0000000726e00000, 0x0000000727000000|  0%| F|  |TAMS 0x0000000726e00000, 0x0000000726e00000| Untracked 
| 292|0x0000000727000000, 0x0000000727000000, 0x0000000727200000|  0%| F|  |TAMS 0x0000000727000000, 0x0000000727000000| Untracked 
| 293|0x0000000727200000, 0x0000000727200000, 0x0000000727400000|  0%| F|  |TAMS 0x0000000727200000, 0x0000000727200000| Untracked 
| 294|0x0000000727400000, 0x0000000727400000, 0x0000000727600000|  0%| F|  |TAMS 0x0000000727400000, 0x0000000727400000| Untracked 
| 295|0x0000000727600000, 0x0000000727600000, 0x0000000727800000|  0%| F|  |TAMS 0x0000000727600000, 0x0000000727600000| Untracked 
| 296|0x0000000727800000, 0x0000000727800000, 0x0000000727a00000|  0%| F|  |TAMS 0x0000000727800000, 0x0000000727800000| Untracked 
| 297|0x0000000727a00000, 0x0000000727a00000, 0x0000000727c00000|  0%| F|  |TAMS 0x0000000727a00000, 0x0000000727a00000| Untracked 
| 298|0x0000000727c00000, 0x0000000727c00000, 0x0000000727e00000|  0%| F|  |TAMS 0x0000000727c00000, 0x0000000727c00000| Untracked 
| 299|0x0000000727e00000, 0x0000000727e00000, 0x0000000728000000|  0%| F|  |TAMS 0x0000000727e00000, 0x0000000727e00000| Untracked 
| 300|0x0000000728000000, 0x0000000728000000, 0x0000000728200000|  0%| F|  |TAMS 0x0000000728000000, 0x0000000728000000| Untracked 
| 301|0x0000000728200000, 0x0000000728200000, 0x0000000728400000|  0%| F|  |TAMS 0x0000000728200000, 0x0000000728200000| Untracked 
| 302|0x0000000728400000, 0x0000000728400000, 0x0000000728600000|  0%| F|  |TAMS 0x0000000728400000, 0x0000000728400000| Untracked 
| 303|0x0000000728600000, 0x0000000728600000, 0x0000000728800000|  0%| F|  |TAMS 0x0000000728600000, 0x0000000728600000| Untracked 
| 304|0x0000000728800000, 0x0000000728800000, 0x0000000728a00000|  0%| F|  |TAMS 0x0000000728800000, 0x0000000728800000| Untracked 
| 305|0x0000000728a00000, 0x0000000728a00000, 0x0000000728c00000|  0%| F|  |TAMS 0x0000000728a00000, 0x0000000728a00000| Untracked 
| 306|0x0000000728c00000, 0x0000000728c00000, 0x0000000728e00000|  0%| F|  |TAMS 0x0000000728c00000, 0x0000000728c00000| Untracked 
| 307|0x0000000728e00000, 0x0000000728e00000, 0x0000000729000000|  0%| F|  |TAMS 0x0000000728e00000, 0x0000000728e00000| Untracked 
| 308|0x0000000729000000, 0x0000000729000000, 0x0000000729200000|  0%| F|  |TAMS 0x0000000729000000, 0x0000000729000000| Untracked 
| 309|0x0000000729200000, 0x0000000729200000, 0x0000000729400000|  0%| F|  |TAMS 0x0000000729200000, 0x0000000729200000| Untracked 
| 310|0x0000000729400000, 0x0000000729400000, 0x0000000729600000|  0%| F|  |TAMS 0x0000000729400000, 0x0000000729400000| Untracked 
| 311|0x0000000729600000, 0x0000000729600000, 0x0000000729800000|  0%| F|  |TAMS 0x0000000729600000, 0x0000000729600000| Untracked 
| 312|0x0000000729800000, 0x0000000729800000, 0x0000000729a00000|  0%| F|  |TAMS 0x0000000729800000, 0x0000000729800000| Untracked 
| 313|0x0000000729a00000, 0x0000000729a00000, 0x0000000729c00000|  0%| F|  |TAMS 0x0000000729a00000, 0x0000000729a00000| Untracked 
| 314|0x0000000729c00000, 0x0000000729c00000, 0x0000000729e00000|  0%| F|  |TAMS 0x0000000729c00000, 0x0000000729c00000| Untracked 
| 315|0x0000000729e00000, 0x0000000729e00000, 0x000000072a000000|  0%| F|  |TAMS 0x0000000729e00000, 0x0000000729e00000| Untracked 
| 316|0x000000072a000000, 0x000000072a000000, 0x000000072a200000|  0%| F|  |TAMS 0x000000072a000000, 0x000000072a000000| Untracked 
| 317|0x000000072a200000, 0x000000072a200000, 0x000000072a400000|  0%| F|  |TAMS 0x000000072a200000, 0x000000072a200000| Untracked 
| 318|0x000000072a400000, 0x000000072a400000, 0x000000072a600000|  0%| F|  |TAMS 0x000000072a400000, 0x000000072a400000| Untracked 
| 319|0x000000072a600000, 0x000000072a600000, 0x000000072a800000|  0%| F|  |TAMS 0x000000072a600000, 0x000000072a600000| Untracked 

Card table byte_map: [0x0000020c5cb10000,0x0000020c5d300000] _byte_map_base: 0x0000020c592fc000

Marking Bits (Prev, Next): (CMBitMap*) 0x0000020c441c7180, (CMBitMap*) 0x0000020c441c7140
 Prev Bits: [0x0000020c61a50000, 0x0000020c659b0000)
 Next Bits: [0x0000020c5daf0000, 0x0000020c61a50000)

Polling page: 0x0000020c43920000

Metaspace:

Usage:
  Non-class:     15.53 MB used.
      Class:      2.43 MB used.
       Both:     17.97 MB used.

Virtual space:
  Non-class space:       64.00 MB reserved,      15.62 MB ( 24%) committed,  1 nodes.
      Class space:        1.00 GB reserved,       2.56 MB ( <1%) committed,  1 nodes.
             Both:        1.06 GB reserved,      18.19 MB (  2%) committed. 

Chunk freelists:
   Non-Class:  15.94 MB
       Class:  13.28 MB
        Both:  29.21 MB

MaxMetaspaceSize: unlimited
CompressedClassSpaceSize: 1.00 GB
Initial GC threshold: 21.00 MB
Current GC threshold: 30.12 MB
CDS: on
MetaspaceReclaimPolicy: balanced
 - commit_granule_bytes: 65536.
 - commit_granule_words: 8192.
 - virtual_space_node_default_size: 8388608.
 - enlarge_chunks_in_place: 1.
 - new_chunks_are_fully_committed: 0.
 - uncommit_free_chunks: 1.
 - use_allocation_guard: 0.
 - handle_deallocations: 1.


Internal statistics:

num_allocs_failed_limit: 0.
num_arena_births: 202.
num_arena_deaths: 0.
num_vsnodes_births: 2.
num_vsnodes_deaths: 0.
num_space_committed: 291.
num_space_uncommitted: 0.
num_chunks_returned_to_freelist: 0.
num_chunks_taken_from_freelist: 834.
num_chunk_merges: 0.
num_chunk_splits: 595.
num_chunks_enlarged: 471.
num_inconsistent_stats: 0.

CodeHeap 'non-profiled nmethods': size=120000Kb used=3638Kb max_used=3710Kb free=116361Kb
 bounds [0x0000020c54ac0000, 0x0000020c54e60000, 0x0000020c5bff0000]
CodeHeap 'profiled nmethods': size=120000Kb used=6075Kb max_used=9389Kb free=113924Kb
 bounds [0x0000020c4cff0000, 0x0000020c4d920000, 0x0000020c54520000]
CodeHeap 'non-nmethods': size=5760Kb used=1482Kb max_used=1565Kb free=4278Kb
 bounds [0x0000020c54520000, 0x0000020c54790000, 0x0000020c54ac0000]
 total_blobs=4638 nmethods=3786 adapters=764
 compilation: enabled
              stopped_count=0, restarted_count=0
 full_count=0

Compilation events (20 events):
Event: 11.491 Thread 0x0000020c6855f770 4929       3       javafx.collections.FXCollections::observableList (39 bytes)
Event: 11.491 Thread 0x0000020c6855f770 nmethod 4929 0x0000020c4d90cb90 code [0x0000020c4d90cdc0, 0x0000020c4d90d6b8]
Event: 11.557 Thread 0x0000020c6855f770 4930       3       java.security.AccessControlContext::calculateFields (89 bytes)
Event: 11.558 Thread 0x0000020c6855f770 nmethod 4930 0x0000020c4d60f410 code [0x0000020c4d60f5e0, 0x0000020c4d60fa38]
Event: 11.670 Thread 0x0000020c6855f770 4931       3       javafx.scene.Node$EffectiveOrientationProperty::get (5 bytes)
Event: 11.671 Thread 0x0000020c6855f770 nmethod 4931 0x0000020c4d727790 code [0x0000020c4d727940, 0x0000020c4d727bf8]
Event: 11.671 Thread 0x0000020c6855f770 4932       3       javafx.scene.Scene::fillProperty (27 bytes)
Event: 11.671 Thread 0x0000020c6855f770 nmethod 4932 0x0000020c4d90c210 code [0x0000020c4d90c3e0, 0x0000020c4d90c918]
Event: 11.671 Thread 0x0000020c6855f770 4933       3       javafx.scene.control.PopupControl$CSSBridgeHelper::getAllParentStylesheetsImpl (8 bytes)
Event: 11.671 Thread 0x0000020c6855f770 nmethod 4933 0x0000020c4d85f490 code [0x0000020c4d85f6a0, 0x0000020c4d85ff88]
Event: 11.671 Thread 0x0000020c6855f770 4934       3       javafx.stage.PopupWindow$2::invalidated (38 bytes)
Event: 11.671 Thread 0x0000020c6855f770 nmethod 4934 0x0000020c4d85e890 code [0x0000020c4d85ea80, 0x0000020c4d85f188]
Event: 11.671 Thread 0x0000020c6855f770 4935       3       javafx.scene.canvas.Canvas::<init> (7 bytes)
Event: 11.671 Thread 0x0000020c6855f770 nmethod 4935 0x0000020c4d3f2e90 code [0x0000020c4d3f3020, 0x0000020c4d3f3168]
Event: 11.672 Thread 0x0000020c6855f770 4936       3       javafx.scene.canvas.Canvas::<init> (40 bytes)
Event: 11.672 Thread 0x0000020c6855f770 nmethod 4936 0x0000020c4d876010 code [0x0000020c4d8762a0, 0x0000020c4d877148]
Event: 11.672 Thread 0x0000020c6855f770 4937       3       javafx.scene.canvas.Canvas::getGraphicsContext2D (24 bytes)
Event: 11.672 Thread 0x0000020c6855f770 nmethod 4937 0x0000020c4d396290 code [0x0000020c4d396440, 0x0000020c4d3966a8]
Event: 11.672 Thread 0x0000020c6855f770 4938       3       javafx.scene.canvas.GraphicsContext::<init> (76 bytes)
Event: 11.672 Thread 0x0000020c6855f770 nmethod 4938 0x0000020c4d394a10 code [0x0000020c4d394c80, 0x0000020c4d395c68]

GC Heap History (20 events):
Event: 9.108 GC heap after
{Heap after GC invocations=22 (full 0):
 garbage-first heap   total 544768K, used 228994K [0x0000000702800000, 0x0000000800000000)
  region size 2048K, 15 young (30720K), 15 survivors (30720K)
 Metaspace       used 18120K, committed 18368K, reserved 1114112K
  class space    used 2480K, committed 2624K, reserved 1048576K
}
Event: 9.374 GC heap before
{Heap before GC invocations=22 (full 0):
 garbage-first heap   total 544768K, used 431746K [0x0000000702800000, 0x0000000800000000)
  region size 2048K, 115 young (235520K), 15 survivors (30720K)
 Metaspace       used 18204K, committed 18496K, reserved 1114112K
  class space    used 2491K, committed 2624K, reserved 1048576K
}
Event: 9.384 GC heap after
{Heap after GC invocations=23 (full 0):
 garbage-first heap   total 544768K, used 249779K [0x0000000702800000, 0x0000000800000000)
  region size 2048K, 10 young (20480K), 10 survivors (20480K)
 Metaspace       used 18204K, committed 18496K, reserved 1114112K
  class space    used 2491K, committed 2624K, reserved 1048576K
}
Event: 9.616 GC heap before
{Heap before GC invocations=23 (full 0):
 garbage-first heap   total 544768K, used 430003K [0x0000000702800000, 0x0000000800000000)
  region size 2048K, 99 young (202752K), 10 survivors (20480K)
 Metaspace       used 18215K, committed 18496K, reserved 1114112K
  class space    used 2491K, committed 2624K, reserved 1048576K
}
Event: 9.622 GC heap after
{Heap after GC invocations=24 (full 0):
 garbage-first heap   total 544768K, used 262223K [0x0000000702800000, 0x0000000800000000)
  region size 2048K, 8 young (16384K), 8 survivors (16384K)
 Metaspace       used 18215K, committed 18496K, reserved 1114112K
  class space    used 2491K, committed 2624K, reserved 1048576K
}
Event: 9.841 GC heap before
{Heap before GC invocations=24 (full 0):
 garbage-first heap   total 544768K, used 432207K [0x0000000702800000, 0x0000000800000000)
  region size 2048K, 92 young (188416K), 8 survivors (16384K)
 Metaspace       used 18226K, committed 18496K, reserved 1114112K
  class space    used 2491K, committed 2624K, reserved 1048576K
}
Event: 9.847 GC heap after
{Heap after GC invocations=25 (full 0):
 garbage-first heap   total 544768K, used 276878K [0x0000000702800000, 0x0000000800000000)
  region size 2048K, 8 young (16384K), 8 survivors (16384K)
 Metaspace       used 18226K, committed 18496K, reserved 1114112K
  class space    used 2491K, committed 2624K, reserved 1048576K
}
Event: 10.074 GC heap before
{Heap before GC invocations=26 (full 0):
 garbage-first heap   total 544768K, used 428430K [0x0000000702800000, 0x0000000800000000)
  region size 2048K, 86 young (176128K), 8 survivors (16384K)
 Metaspace       used 18238K, committed 18496K, reserved 1114112K
  class space    used 2491K, committed 2624K, reserved 1048576K
}
Event: 10.081 GC heap after
{Heap after GC invocations=27 (full 0):
 garbage-first heap   total 544768K, used 284622K [0x0000000702800000, 0x0000000800000000)
  region size 2048K, 7 young (14336K), 7 survivors (14336K)
 Metaspace       used 18238K, committed 18496K, reserved 1114112K
  class space    used 2491K, committed 2624K, reserved 1048576K
}
Event: 10.096 GC heap before
{Heap before GC invocations=27 (full 0):
 garbage-first heap   total 544768K, used 296910K [0x0000000702800000, 0x0000000800000000)
  region size 2048K, 13 young (26624K), 7 survivors (14336K)
 Metaspace       used 18238K, committed 18496K, reserved 1114112K
  class space    used 2491K, committed 2624K, reserved 1048576K
}
Event: 10.100 GC heap after
{Heap after GC invocations=28 (full 0):
 garbage-first heap   total 655360K, used 229395K [0x0000000702800000, 0x0000000800000000)
  region size 2048K, 1 young (2048K), 1 survivors (2048K)
 Metaspace       used 18238K, committed 18496K, reserved 1114112K
  class space    used 2491K, committed 2624K, reserved 1048576K
}
Event: 10.156 GC heap before
{Heap before GC invocations=28 (full 0):
 garbage-first heap   total 655360K, used 258067K [0x0000000702800000, 0x0000000800000000)
  region size 2048K, 16 young (32768K), 1 survivors (2048K)
 Metaspace       used 18238K, committed 18496K, reserved 1114112K
  class space    used 2491K, committed 2624K, reserved 1048576K
}
Event: 10.158 GC heap after
{Heap after GC invocations=29 (full 0):
 garbage-first heap   total 655360K, used 186618K [0x0000000702800000, 0x0000000800000000)
  region size 2048K, 2 young (4096K), 2 survivors (4096K)
 Metaspace       used 18238K, committed 18496K, reserved 1114112K
  class space    used 2491K, committed 2624K, reserved 1048576K
}
Event: 10.621 GC heap before
{Heap before GC invocations=29 (full 0):
 garbage-first heap   total 655360K, used 520442K [0x0000000702800000, 0x0000000800000000)
  region size 2048K, 166 young (339968K), 2 survivors (4096K)
 Metaspace       used 18246K, committed 18496K, reserved 1114112K
  class space    used 2491K, committed 2624K, reserved 1048576K
}
Event: 10.628 GC heap after
{Heap after GC invocations=30 (full 0):
 garbage-first heap   total 655360K, used 214844K [0x0000000702800000, 0x0000000800000000)
  region size 2048K, 16 young (32768K), 16 survivors (32768K)
 Metaspace       used 18246K, committed 18496K, reserved 1114112K
  class space    used 2491K, committed 2624K, reserved 1048576K
}
Event: 11.004 GC heap before
{Heap before GC invocations=30 (full 0):
 garbage-first heap   total 655360K, used 505660K [0x0000000702800000, 0x0000000800000000)
  region size 2048K, 159 young (325632K), 16 survivors (32768K)
 Metaspace       used 18246K, committed 18496K, reserved 1114112K
  class space    used 2491K, committed 2624K, reserved 1048576K
}
Event: 11.015 GC heap after
{Heap after GC invocations=31 (full 0):
 garbage-first heap   total 655360K, used 238535K [0x0000000702800000, 0x0000000800000000)
  region size 2048K, 12 young (24576K), 12 survivors (24576K)
 Metaspace       used 18246K, committed 18496K, reserved 1114112K
  class space    used 2491K, committed 2624K, reserved 1048576K
}
Event: 11.367 GC heap before
{Heap before GC invocations=31 (full 0):
 garbage-first heap   total 655360K, used 512967K [0x0000000702800000, 0x0000000800000000)
  region size 2048K, 147 young (301056K), 12 survivors (24576K)
 Metaspace       used 18394K, committed 18624K, reserved 1114112K
  class space    used 2491K, committed 2624K, reserved 1048576K
}
Event: 11.376 GC heap after
{Heap after GC invocations=32 (full 0):
 garbage-first heap   total 655360K, used 263226K [0x0000000702800000, 0x0000000800000000)
  region size 2048K, 12 young (24576K), 12 survivors (24576K)
 Metaspace       used 18394K, committed 18624K, reserved 1114112K
  class space    used 2491K, committed 2624K, reserved 1048576K
}
Event: 11.697 GC heap before
{Heap before GC invocations=32 (full 0):
 garbage-first heap   total 655360K, used 515130K [0x0000000702800000, 0x0000000800000000)
  region size 2048K, 136 young (278528K), 12 survivors (24576K)
 Metaspace       used 18396K, committed 18624K, reserved 1114112K
  class space    used 2491K, committed 2624K, reserved 1048576K
}

Dll operation events (20 events):
Event: 0.170 Loaded shared library C:\Program Files\BellSoft\LibericaJDK-17-Full\bin\api-ms-win-crt-process-l1-1-0.dll
Event: 0.172 Loaded shared library C:\Program Files\BellSoft\LibericaJDK-17-Full\bin\api-ms-win-crt-runtime-l1-1-0.dll
Event: 0.173 Loaded shared library C:\Program Files\BellSoft\LibericaJDK-17-Full\bin\api-ms-win-crt-stdio-l1-1-0.dll
Event: 0.174 Loaded shared library C:\Program Files\BellSoft\LibericaJDK-17-Full\bin\api-ms-win-crt-string-l1-1-0.dll
Event: 0.175 Loaded shared library C:\Program Files\BellSoft\LibericaJDK-17-Full\bin\api-ms-win-crt-time-l1-1-0.dll
Event: 0.177 Loaded shared library C:\Program Files\BellSoft\LibericaJDK-17-Full\bin\api-ms-win-crt-utility-l1-1-0.dll
Event: 0.178 Loaded shared library C:\Program Files\BellSoft\LibericaJDK-17-Full\bin\ucrtbase.dll
Event: 0.179 Loaded shared library C:\Program Files\BellSoft\LibericaJDK-17-Full\bin\vcruntime140.dll
Event: 0.180 Loaded shared library C:\Program Files\BellSoft\LibericaJDK-17-Full\bin\vcruntime140_1.dll
Event: 0.180 Loaded shared library C:\Program Files\BellSoft\LibericaJDK-17-Full\bin\msvcp140.dll
Event: 0.181 Loaded shared library C:\Program Files\BellSoft\LibericaJDK-17-Full\bin\msvcp140_1.dll
Event: 0.183 Loaded shared library C:\Program Files\BellSoft\LibericaJDK-17-Full\bin\msvcp140_2.dll
Event: 0.234 Loaded shared library C:\Program Files\BellSoft\LibericaJDK-17-Full\bin\prism_d3d.dll
Event: 0.259 Loaded shared library C:\Program Files\BellSoft\LibericaJDK-17-Full\bin\glass.dll
Event: 0.391 Loaded shared library C:\Program Files\BellSoft\LibericaJDK-17-Full\bin\javafx_font.dll
Event: 0.466 Loaded shared library C:\Program Files\BellSoft\LibericaJDK-17-Full\bin\net.dll
Event: 0.469 Loaded shared library C:\Program Files\BellSoft\LibericaJDK-17-Full\bin\nio.dll
Event: 0.472 Loaded shared library C:\Program Files\BellSoft\LibericaJDK-17-Full\bin\zip.dll
Event: 0.508 Loaded shared library C:\Users\Teacher\.wpilib\nativecache\windows\x86-64\ntcorejni.dll.a2f3ca5c6b0d68866a4535e3b35a8acd
Event: 0.521 Loaded shared library C:\Users\Teacher\.wpilib\nativecache\windows\x86-64\wpiutiljni.dll.d087e4c7595bb81743d85b11fc1ec979

Deoptimization events (20 events):
Event: 9.875 Thread 0x0000020c688f5ec0 DEOPT PACKING pc=0x0000020c4d01345a sp=0x000000ae038fc6e0
Event: 9.875 Thread 0x0000020c688f5ec0 DEOPT UNPACKING pc=0x0000020c54577143 sp=0x000000ae038fbaf8 mode 0
Event: 9.876 Thread 0x0000020c688f5ec0 DEOPT PACKING pc=0x0000020c4d01345a sp=0x000000ae038fc6e0
Event: 9.876 Thread 0x0000020c688f5ec0 DEOPT UNPACKING pc=0x0000020c54577143 sp=0x000000ae038fbaf8 mode 0
Event: 9.882 Thread 0x0000020c741e9820 Uncommon trap: trap_request=0xffffff45 fr.pc=0x0000020c54ce8984 relative=0x0000000000000184
Event: 9.882 Thread 0x0000020c741e9820 Uncommon trap: reason=unstable_if action=reinterpret pc=0x0000020c54ce8984 method=com.sun.javafx.font.FontStrikeDesc.hashCode()I @ 4 c2
Event: 9.882 Thread 0x0000020c741e9820 DEOPT PACKING pc=0x0000020c54ce8984 sp=0x000000ae04afef40
Event: 9.882 Thread 0x0000020c741e9820 DEOPT UNPACKING pc=0x0000020c545769a3 sp=0x000000ae04afeee8 mode 2
Event: 10.637 Thread 0x0000020c6d015880 Uncommon trap: trap_request=0xffffff45 fr.pc=0x0000020c54cfd5ec relative=0x00000000000008ac
Event: 10.637 Thread 0x0000020c6d015880 Uncommon trap: reason=unstable_if action=reinterpret pc=0x0000020c54cfd5ec method=com.sun.javafx.binding.ExpressionHelperBase.lambda$trim$0(Ljava/lang/Object;)Z @ 4 c2
Event: 10.637 Thread 0x0000020c6d015880 DEOPT PACKING pc=0x0000020c54cfd5ec sp=0x000000ae03afdb20
Event: 10.637 Thread 0x0000020c6d015880 DEOPT UNPACKING pc=0x0000020c545769a3 sp=0x000000ae03afd948 mode 2
Event: 10.750 Thread 0x0000020c6d015880 Uncommon trap: trap_request=0xffffffc6 fr.pc=0x0000020c54cb6c50 relative=0x00000000000001b0
Event: 10.750 Thread 0x0000020c6d015880 Uncommon trap: reason=bimorphic_or_optimized_type_check action=maybe_recompile pc=0x0000020c54cb6c50 method=java.util.AbstractList.rangeCheckForAdd(I)V @ 6 c2
Event: 10.750 Thread 0x0000020c6d015880 DEOPT PACKING pc=0x0000020c54cb6c50 sp=0x000000ae03afd9e0
Event: 10.750 Thread 0x0000020c6d015880 DEOPT UNPACKING pc=0x0000020c545769a3 sp=0x000000ae03afd920 mode 2
Event: 11.077 Thread 0x0000020c6d015880 Uncommon trap: trap_request=0xffffff45 fr.pc=0x0000020c54e32254 relative=0x0000000000000134
Event: 11.077 Thread 0x0000020c6d015880 Uncommon trap: reason=unstable_if action=reinterpret pc=0x0000020c54e32254 method=javafx.scene.transform.Rotate.angleProperty()Ljavafx/beans/property/DoubleProperty; @ 4 c2
Event: 11.077 Thread 0x0000020c6d015880 DEOPT PACKING pc=0x0000020c54e32254 sp=0x000000ae03afe0a0
Event: 11.077 Thread 0x0000020c6d015880 DEOPT UNPACKING pc=0x0000020c545769a3 sp=0x000000ae03afdfe0 mode 2

Classes unloaded (0 events):
No events

Classes redefined (0 events):
No events

Internal exceptions (20 events):
Event: 0.759 Thread 0x0000020c6d015880 Exception <a 'java/lang/ClassNotFoundException'{0x00000007119bc1d8}: com/sun/javafx/scene/control/skin/resources/controls_en_US> (0x00000007119bc1d8) 
thrown [s\src\hotspot\share\prims\jni.cpp, line 535]
Event: 0.793 Thread 0x0000020c6d015880 Exception <a 'java/lang/NoSuchMethodError'{0x0000000711732578}: 'void java.lang.invoke.DirectMethodHandle$Holder.invokeSpecial(java.lang.Object, java.lang.Object, java.lang.Object, java.lang.Object, java.lang.Object, java.lang.Object)'> (0x0000000711732578) 
thrown [s\src\hotspot\share\interpreter\linkResolver.cpp, line 759]
Event: 0.841 Thread 0x0000020c6d015880 Exception <a 'java/lang/NoSuchMethodError'{0x000000071143f6a8}: 'java.lang.Object java.lang.invoke.DirectMethodHandle$Holder.newInvokeSpecial(java.lang.Object, java.lang.Object, int, int)'> (0x000000071143f6a8) 
thrown [s\src\hotspot\share\interpreter\linkResolver.cpp, line 759]
Event: 0.844 Thread 0x0000020c6d015880 Exception <a 'java/lang/NoSuchMethodError'{0x0000000711451338}: 'java.lang.Object java.lang.invoke.DirectMethodHandle$Holder.newInvokeSpecial(java.lang.Object, java.lang.Object, int)'> (0x0000000711451338) 
thrown [s\src\hotspot\share\interpreter\linkResolver.cpp, line 759]
Event: 0.902 Thread 0x0000020c688f5ec0 Exception <a 'java/lang/NoSuchMethodError'{0x00000007123891d0}: 'int java.lang.invoke.DirectMethodHandle$Holder.invokeStaticInit(java.lang.Object, java.lang.Object)'> (0x00000007123891d0) 
thrown [s\src\hotspot\share\interpreter\linkResolver.cpp, line 759]
Event: 1.127 Thread 0x0000020c6d015880 Exception <a 'java/lang/NoSuchMethodError'{0x00000007114a68d0}: 'long java.lang.invoke.DirectMethodHandle$Holder.invokeStatic(java.lang.Object, java.lang.Object, java.lang.Object)'> (0x00000007114a68d0) 
thrown [s\src\hotspot\share\interpreter\linkResolver.cpp, line 759]
Event: 1.128 Thread 0x0000020c6d015880 Exception <a 'java/lang/NoSuchMethodError'{0x00000007114aa320}: 'long java.lang.invoke.DirectMethodHandle$Holder.invokeStaticInit(java.lang.Object, java.lang.Object, java.lang.Object)'> (0x00000007114aa320) 
thrown [s\src\hotspot\share\interpreter\linkResolver.cpp, line 759]
Event: 1.132 Thread 0x0000020c6d015880 Exception <a 'java/lang/NoSuchMethodError'{0x00000007114c21d0}: 'java.lang.Object java.lang.invoke.DirectMethodHandle$Holder.newInvokeSpecial(java.lang.Object, java.lang.Object, long)'> (0x00000007114c21d0) 
thrown [s\src\hotspot\share\interpreter\linkResolver.cpp, line 759]
Event: 1.132 Thread 0x0000020c6d015880 Exception <a 'java/lang/NoSuchMethodError'{0x00000007114c5d40}: 'java.lang.Object java.lang.invoke.Invokers$Holder.linkToTargetMethod(java.lang.Object, long, java.lang.Object)'> (0x00000007114c5d40) 
thrown [s\src\hotspot\share\interpreter\linkResolver.cpp, line 759]
Event: 1.190 Thread 0x0000020c688f5ec0 Exception <a 'java/lang/NoSuchMethodError'{0x00000007115c5980}: 'java.lang.Object java.lang.invoke.DirectMethodHandle$Holder.invokeStaticInit(java.lang.Object, int)'> (0x00000007115c5980) 
thrown [s\src\hotspot\share\interpreter\linkResolver.cpp, line 759]
Event: 1.347 Thread 0x0000020c6d015880 Exception <a 'java/lang/NoSuchMethodError'{0x000000071113ae48}: 'java.lang.Object java.lang.invoke.DirectMethodHandle$Holder.invokeStatic(java.lang.Object, java.lang.Object, int, java.lang.Object)'> (0x000000071113ae48) 
thrown [s\src\hotspot\share\interpreter\linkResolver.cpp, line 759]
Event: 1.368 Thread 0x0000020c6d015880 Exception <a 'java/lang/NoSuchMethodError'{0x0000000711189f28}: 'java.lang.Object java.lang.invoke.DirectMethodHandle$Holder.invokeStaticInit(java.lang.Object, int, int, int, int)'> (0x0000000711189f28) 
thrown [s\src\hotspot\share\interpreter\linkResolver.cpp, line 759]
Event: 1.426 Thread 0x0000020c6d015880 Exception <a 'java/lang/NoSuchMethodError'{0x00000007124e9a58}: 'java.lang.Object java.lang.invoke.DirectMethodHandle$Holder.invokeStaticInit(java.lang.Object, java.lang.Object, int, int, int, int)'> (0x00000007124e9a58) 
thrown [s\src\hotspot\share\interpreter\linkResolver.cpp, line 759]
Event: 6.447 Thread 0x0000020c6d015880 Implicit null exception at 0x0000020c54d60333 to 0x0000020c54d606d0
Event: 6.447 Thread 0x0000020c6d015880 Implicit null exception at 0x0000020c54d60333 to 0x0000020c54d606d0
Event: 6.447 Thread 0x0000020c6d015880 Implicit null exception at 0x0000020c54d60333 to 0x0000020c54d606d0
Event: 6.447 Thread 0x0000020c6d015880 Implicit null exception at 0x0000020c54d60333 to 0x0000020c54d606d0
Event: 8.771 Thread 0x0000020c6d015880 Implicit null exception at 0x0000020c54bfde60 to 0x0000020c54bffdec
Event: 9.367 Thread 0x0000020c6d015880 Exception <a 'java/lang/NoSuchMethodError'{0x0000000717608488}: 'java.lang.Object java.lang.invoke.DirectMethodHandle$Holder.newInvokeSpecial(java.lang.Object, java.lang.Object, java.lang.Object, int, int, int, int, int)'> (0x0000000717608488) 
thrown [s\src\hotspot\share\interpreter\linkResolver.cpp, line 759]
Event: 11.077 Thread 0x0000020c6d015880 Implicit null exception at 0x0000020c54e32150 to 0x0000020c54e3223c

VM Operations (20 events):
Event: 9.622 Executing VM operation: G1CollectForAllocation done
Event: 9.841 Executing VM operation: G1CollectForAllocation
Event: 9.847 Executing VM operation: G1CollectForAllocation done
Event: 9.880 Executing VM operation: G1PauseRemark
Event: 9.882 Executing VM operation: G1PauseRemark done
Event: 9.904 Executing VM operation: G1PauseCleanup
Event: 9.904 Executing VM operation: G1PauseCleanup done
Event: 10.074 Executing VM operation: G1CollectForAllocation
Event: 10.081 Executing VM operation: G1CollectForAllocation done
Event: 10.096 Executing VM operation: G1CollectForAllocation
Event: 10.100 Executing VM operation: G1CollectForAllocation done
Event: 10.156 Executing VM operation: G1CollectForAllocation
Event: 10.158 Executing VM operation: G1CollectForAllocation done
Event: 10.621 Executing VM operation: G1CollectForAllocation
Event: 10.628 Executing VM operation: G1CollectForAllocation done
Event: 11.004 Executing VM operation: G1CollectForAllocation
Event: 11.015 Executing VM operation: G1CollectForAllocation done
Event: 11.367 Executing VM operation: G1CollectForAllocation
Event: 11.377 Executing VM operation: G1CollectForAllocation done
Event: 11.696 Executing VM operation: G1CollectForAllocation

Events (20 events):
Event: 9.534 Thread 0x0000020c685542c0 flushing nmethod 0x0000020c4d878790
Event: 9.534 Thread 0x0000020c685542c0 flushing nmethod 0x0000020c4d878a90
Event: 9.534 Thread 0x0000020c685542c0 flushing nmethod 0x0000020c4d87a690
Event: 9.534 Thread 0x0000020c685542c0 flushing nmethod 0x0000020c4d87b210
Event: 9.534 Thread 0x0000020c685542c0 flushing nmethod 0x0000020c4d87fc90
Event: 9.534 Thread 0x0000020c685542c0 flushing nmethod 0x0000020c4d880710
Event: 9.534 Thread 0x0000020c685542c0 flushing nmethod 0x0000020c4d885590
Event: 9.534 Thread 0x0000020c685542c0 flushing nmethod 0x0000020c4d88ab90
Event: 9.534 Thread 0x0000020c685542c0 flushing nmethod 0x0000020c4d8af890
Event: 9.534 Thread 0x0000020c685542c0 flushing nmethod 0x0000020c4d8c4010
Event: 9.534 Thread 0x0000020c685542c0 flushing nmethod 0x0000020c4d8c4310
Event: 9.534 Thread 0x0000020c685542c0 flushing nmethod 0x0000020c4d8c4690
Event: 9.534 Thread 0x0000020c685542c0 flushing nmethod 0x0000020c4d8d0390
Event: 9.534 Thread 0x0000020c685542c0 flushing nmethod 0x0000020c4d8d1390
Event: 9.534 Thread 0x0000020c685542c0 flushing nmethod 0x0000020c4d8d3f10
Event: 9.534 Thread 0x0000020c685542c0 flushing nmethod 0x0000020c4d8db490
Event: 9.534 Thread 0x0000020c685542c0 flushing nmethod 0x0000020c4d8dd010
Event: 9.534 Thread 0x0000020c685542c0 flushing nmethod 0x0000020c4d905c10
Event: 9.534 Thread 0x0000020c685542c0 flushing nmethod 0x0000020c4d907b90
Event: 9.534 Thread 0x0000020c685542c0 flushing nmethod 0x0000020c4d90c210


Dynamic libraries:
0x00007ff616c30000 - 0x00007ff616c3e000 	C:\Program Files\BellSoft\LibericaJDK-17-Full\bin\java.exe
0x00007ffc4ac90000 - 0x00007ffc4ae87000 	C:\WINDOWS\SYSTEM32\ntdll.dll
0x00007ffc4a0f0000 - 0x00007ffc4a1ad000 	C:\WINDOWS\System32\KERNEL32.DLL
0x00007ffc48820000 - 0x00007ffc48b16000 	C:\WINDOWS\System32\KERNELBASE.dll
0x00007ffc48b20000 - 0x00007ffc48c20000 	C:\WINDOWS\System32\ucrtbase.dll
0x00007ffc22c70000 - 0x00007ffc22c87000 	C:\Program Files\BellSoft\LibericaJDK-17-Full\bin\jli.dll
0x00007ffc22080000 - 0x00007ffc2209b000 	C:\Program Files\BellSoft\LibericaJDK-17-Full\bin\VCRUNTIME140.dll
0x00007ffc495d0000 - 0x00007ffc4976e000 	C:\WINDOWS\System32\USER32.dll
0x00007ffc48c20000 - 0x00007ffc48c42000 	C:\WINDOWS\System32\win32u.dll
0x00007ffc33ab0000 - 0x00007ffc33d4a000 	C:\WINDOWS\WinSxS\amd64_microsoft.windows.common-controls_6595b64144ccf1df_6.0.19041.3570_none_60bb2a3971f3e41a\COMCTL32.dll
0x00007ffc49800000 - 0x00007ffc4982c000 	C:\WINDOWS\System32\GDI32.dll
0x00007ffc4abb0000 - 0x00007ffc4ac4e000 	C:\WINDOWS\System32\msvcrt.dll
0x00007ffc48370000 - 0x00007ffc4848a000 	C:\WINDOWS\System32\gdi32full.dll
0x00007ffc48c50000 - 0x00007ffc48ced000 	C:\WINDOWS\System32\msvcp_win.dll
0x00007ffc49f10000 - 0x00007ffc49f40000 	C:\WINDOWS\System32\IMM32.DLL
0x00007ffc3f250000 - 0x00007ffc3f25c000 	C:\Program Files\BellSoft\LibericaJDK-17-Full\bin\vcruntime140_1.dll
0x00007ffc05d00000 - 0x00007ffc05d8e000 	C:\Program Files\BellSoft\LibericaJDK-17-Full\bin\msvcp140.dll
0x00007ffbfd550000 - 0x00007ffbfe1b7000 	C:\Program Files\BellSoft\LibericaJDK-17-Full\bin\server\jvm.dll
0x00007ffc491e0000 - 0x00007ffc4928e000 	C:\WINDOWS\System32\ADVAPI32.dll
0x00007ffc49c10000 - 0x00007ffc49cac000 	C:\WINDOWS\System32\sechost.dll
0x00007ffc49440000 - 0x00007ffc49566000 	C:\WINDOWS\System32\RPCRT4.dll
0x00007ffc481d0000 - 0x00007ffc4821b000 	C:\WINDOWS\SYSTEM32\POWRPROF.dll
0x00007ffc35a10000 - 0x00007ffc35a19000 	C:\WINDOWS\SYSTEM32\WSOCK32.dll
0x00007ffc3a0d0000 - 0x00007ffc3a0f7000 	C:\WINDOWS\SYSTEM32\WINMM.dll
0x00007ffc49790000 - 0x00007ffc497fb000 	C:\WINDOWS\System32\WS2_32.dll
0x00007ffc437f0000 - 0x00007ffc437fa000 	C:\WINDOWS\SYSTEM32\VERSION.dll
0x00007ffc481b0000 - 0x00007ffc481c2000 	C:\WINDOWS\SYSTEM32\UMPDC.dll
0x00007ffc46a00000 - 0x00007ffc46a12000 	C:\WINDOWS\SYSTEM32\kernel.appcore.dll
0x00007ffc33400000 - 0x00007ffc3340a000 	C:\Program Files\BellSoft\LibericaJDK-17-Full\bin\jimage.dll
0x00007ffc46780000 - 0x00007ffc46964000 	C:\WINDOWS\SYSTEM32\DBGHELP.DLL
0x00007ffc3f8f0000 - 0x00007ffc3f924000 	C:\WINDOWS\SYSTEM32\dbgcore.DLL
0x00007ffc48760000 - 0x00007ffc487e2000 	C:\WINDOWS\System32\bcryptPrimitives.dll
0x00007ffc1cf90000 - 0x00007ffc1cfb5000 	C:\Program Files\BellSoft\LibericaJDK-17-Full\bin\java.dll
0x00007ffc048e0000 - 0x00007ffc049b7000 	C:\Program Files\BellSoft\LibericaJDK-17-Full\bin\jsvml.dll
0x00007ffc4a460000 - 0x00007ffc4aba4000 	C:\WINDOWS\System32\SHELL32.dll
0x00007ffc45fd0000 - 0x00007ffc4676b000 	C:\WINDOWS\SYSTEM32\windows.storage.dll
0x00007ffc498b0000 - 0x00007ffc49c04000 	C:\WINDOWS\System32\combase.dll
0x00007ffc47ce0000 - 0x00007ffc47d0d000 	C:\WINDOWS\SYSTEM32\Wldp.dll
0x00007ffc49cb0000 - 0x00007ffc49d5d000 	C:\WINDOWS\System32\SHCORE.dll
0x00007ffc4a400000 - 0x00007ffc4a455000 	C:\WINDOWS\System32\shlwapi.dll
0x00007ffc482a0000 - 0x00007ffc482c5000 	C:\WINDOWS\SYSTEM32\profapi.dll
0x0000020c68950000 - 0x0000020c68954000 	C:\Program Files\BellSoft\LibericaJDK-17-Full\bin\api-ms-win-core-console-l1-1-0.dll
0x0000020c68960000 - 0x0000020c68964000 	C:\Program Files\BellSoft\LibericaJDK-17-Full\bin\api-ms-win-core-console-l1-2-0.dll
0x0000020c68970000 - 0x0000020c68974000 	C:\Program Files\BellSoft\LibericaJDK-17-Full\bin\api-ms-win-core-datetime-l1-1-0.dll
0x0000020c68980000 - 0x0000020c68984000 	C:\Program Files\BellSoft\LibericaJDK-17-Full\bin\api-ms-win-core-debug-l1-1-0.dll
0x0000020c68990000 - 0x0000020c68994000 	C:\Program Files\BellSoft\LibericaJDK-17-Full\bin\api-ms-win-core-errorhandling-l1-1-0.dll
0x0000020c689a0000 - 0x0000020c689a5000 	C:\Program Files\BellSoft\LibericaJDK-17-Full\bin\api-ms-win-core-file-l1-1-0.dll
0x0000020c689b0000 - 0x0000020c689b4000 	C:\Program Files\BellSoft\LibericaJDK-17-Full\bin\api-ms-win-core-file-l1-2-0.dll
0x0000020c689c0000 - 0x0000020c689c4000 	C:\Program Files\BellSoft\LibericaJDK-17-Full\bin\api-ms-win-core-file-l2-1-0.dll
0x0000020c689d0000 - 0x0000020c689d4000 	C:\Program Files\BellSoft\LibericaJDK-17-Full\bin\api-ms-win-core-handle-l1-1-0.dll
0x0000020c689e0000 - 0x0000020c689e4000 	C:\Program Files\BellSoft\LibericaJDK-17-Full\bin\api-ms-win-core-heap-l1-1-0.dll
0x0000020c689f0000 - 0x0000020c689f4000 	C:\Program Files\BellSoft\LibericaJDK-17-Full\bin\api-ms-win-core-interlocked-l1-1-0.dll
0x0000020c68a00000 - 0x0000020c68a04000 	C:\Program Files\BellSoft\LibericaJDK-17-Full\bin\api-ms-win-core-libraryloader-l1-1-0.dll
0x0000020c68a10000 - 0x0000020c68a14000 	C:\Program Files\BellSoft\LibericaJDK-17-Full\bin\api-ms-win-core-localization-l1-2-0.dll
0x0000020c68a20000 - 0x0000020c68a24000 	C:\Program Files\BellSoft\LibericaJDK-17-Full\bin\api-ms-win-core-memory-l1-1-0.dll
0x0000020c68a30000 - 0x0000020c68a34000 	C:\Program Files\BellSoft\LibericaJDK-17-Full\bin\api-ms-win-core-namedpipe-l1-1-0.dll
0x0000020c68a40000 - 0x0000020c68a44000 	C:\Program Files\BellSoft\LibericaJDK-17-Full\bin\api-ms-win-core-processenvironment-l1-1-0.dll
0x0000020c68a50000 - 0x0000020c68a54000 	C:\Program Files\BellSoft\LibericaJDK-17-Full\bin\api-ms-win-core-processthreads-l1-1-0.dll
0x0000020c68a60000 - 0x0000020c68a64000 	C:\Program Files\BellSoft\LibericaJDK-17-Full\bin\api-ms-win-core-processthreads-l1-1-1.dll
0x0000020c68a70000 - 0x0000020c68a74000 	C:\Program Files\BellSoft\LibericaJDK-17-Full\bin\api-ms-win-core-profile-l1-1-0.dll
0x0000020c68a80000 - 0x0000020c68a84000 	C:\Program Files\BellSoft\LibericaJDK-17-Full\bin\api-ms-win-core-rtlsupport-l1-1-0.dll
0x0000020c68a90000 - 0x0000020c68a94000 	C:\Program Files\BellSoft\LibericaJDK-17-Full\bin\api-ms-win-core-string-l1-1-0.dll
0x0000020c68aa0000 - 0x0000020c68aa4000 	C:\Program Files\BellSoft\LibericaJDK-17-Full\bin\api-ms-win-core-synch-l1-1-0.dll
0x0000020c68ab0000 - 0x0000020c68ab4000 	C:\Program Files\BellSoft\LibericaJDK-17-Full\bin\api-ms-win-core-synch-l1-2-0.dll
0x0000020c68ac0000 - 0x0000020c68ac4000 	C:\Program Files\BellSoft\LibericaJDK-17-Full\bin\api-ms-win-core-sysinfo-l1-1-0.dll
0x0000020c68ad0000 - 0x0000020c68ad4000 	C:\Program Files\BellSoft\LibericaJDK-17-Full\bin\api-ms-win-core-timezone-l1-1-0.dll
0x0000020c68ae0000 - 0x0000020c68ae4000 	C:\Program Files\BellSoft\LibericaJDK-17-Full\bin\api-ms-win-core-util-l1-1-0.dll
0x0000020c68af0000 - 0x0000020c68af4000 	C:\Program Files\BellSoft\LibericaJDK-17-Full\bin\api-ms-win-crt-conio-l1-1-0.dll
0x0000020c68b00000 - 0x0000020c68b05000 	C:\Program Files\BellSoft\LibericaJDK-17-Full\bin\api-ms-win-crt-convert-l1-1-0.dll
0x0000020c68b10000 - 0x0000020c68b14000 	C:\Program Files\BellSoft\LibericaJDK-17-Full\bin\api-ms-win-crt-environment-l1-1-0.dll
0x0000020c68b20000 - 0x0000020c68b24000 	C:\Program Files\BellSoft\LibericaJDK-17-Full\bin\api-ms-win-crt-filesystem-l1-1-0.dll
0x0000020c68b30000 - 0x0000020c68b34000 	C:\Program Files\BellSoft\LibericaJDK-17-Full\bin\api-ms-win-crt-heap-l1-1-0.dll
0x0000020c68b40000 - 0x0000020c68b44000 	C:\Program Files\BellSoft\LibericaJDK-17-Full\bin\api-ms-win-crt-locale-l1-1-0.dll
0x0000020c68b50000 - 0x0000020c68b56000 	C:\Program Files\BellSoft\LibericaJDK-17-Full\bin\api-ms-win-crt-math-l1-1-0.dll
0x0000020c68b60000 - 0x0000020c68b66000 	C:\Program Files\BellSoft\LibericaJDK-17-Full\bin\api-ms-win-crt-multibyte-l1-1-0.dll
0x0000020c68b70000 - 0x0000020c68b81000 	C:\Program Files\BellSoft\LibericaJDK-17-Full\bin\api-ms-win-crt-private-l1-1-0.dll
0x0000020c68b90000 - 0x0000020c68b94000 	C:\Program Files\BellSoft\LibericaJDK-17-Full\bin\api-ms-win-crt-process-l1-1-0.dll
0x0000020c68ba0000 - 0x0000020c68ba5000 	C:\Program Files\BellSoft\LibericaJDK-17-Full\bin\api-ms-win-crt-runtime-l1-1-0.dll
0x0000020c68bb0000 - 0x0000020c68bb5000 	C:\Program Files\BellSoft\LibericaJDK-17-Full\bin\api-ms-win-crt-stdio-l1-1-0.dll
0x0000020c68bc0000 - 0x0000020c68bc5000 	C:\Program Files\BellSoft\LibericaJDK-17-Full\bin\api-ms-win-crt-string-l1-1-0.dll
0x0000020c68bd0000 - 0x0000020c68bd4000 	C:\Program Files\BellSoft\LibericaJDK-17-Full\bin\api-ms-win-crt-time-l1-1-0.dll
0x0000020c68be0000 - 0x0000020c68be4000 	C:\Program Files\BellSoft\LibericaJDK-17-Full\bin\api-ms-win-crt-utility-l1-1-0.dll
0x00007ffc055d0000 - 0x00007ffc056e1000 	C:\Program Files\BellSoft\LibericaJDK-17-Full\bin\ucrtbase.dll
0x00007ffc2c680000 - 0x00007ffc2c689000 	C:\Program Files\BellSoft\LibericaJDK-17-Full\bin\msvcp140_1.dll
0x00007ffc04ca0000 - 0x00007ffc04cd0000 	C:\Program Files\BellSoft\LibericaJDK-17-Full\bin\msvcp140_2.dll
0x00007ffc00580000 - 0x00007ffc005aa000 	C:\Program Files\BellSoft\LibericaJDK-17-Full\bin\prism_d3d.dll
0x00007ffc12240000 - 0x00007ffc1240d000 	C:\WINDOWS\system32\d3d9.dll
0x00007ffc45a70000 - 0x00007ffc45a9f000 	C:\WINDOWS\SYSTEM32\dwmapi.dll
0x00007ffc45840000 - 0x00007ffc458de000 	C:\WINDOWS\system32\uxtheme.dll
0x00007ffbc6230000 - 0x00007ffbc6397000 	C:\WINDOWS\System32\DriverStore\FileRepository\iigd_dch.inf_amd64_a1e7755eb10c8b98\igdumdim64.dll
0x00007ffc4a2d0000 - 0x00007ffc4a3fb000 	C:\WINDOWS\System32\ole32.dll
0x00007ffbc2640000 - 0x00007ffbc6221000 	C:\WINDOWS\System32\DriverStore\FileRepository\iigd_dch.inf_amd64_a1e7755eb10c8b98\igd9dxva64.dll
0x00007ffc49d60000 - 0x00007ffc49e2d000 	C:\WINDOWS\System32\OLEAUT32.dll
0x00007ffc48d70000 - 0x00007ffc491de000 	C:\WINDOWS\System32\SETUPAPI.dll
0x00007ffc48660000 - 0x00007ffc486ae000 	C:\WINDOWS\System32\cfgmgr32.dll
0x00007ffc487f0000 - 0x00007ffc48817000 	C:\WINDOWS\System32\bcrypt.dll
0x00007ffc27670000 - 0x00007ffc27a34000 	C:\WINDOWS\System32\DriverStore\FileRepository\iigd_dch.inf_amd64_a1e7755eb10c8b98\igdgmm64.dll
0x00007ffbf9d40000 - 0x00007ffbf9d82000 	C:\Program Files\BellSoft\LibericaJDK-17-Full\bin\glass.dll
0x00007ffc49e30000 - 0x00007ffc49f0a000 	C:\WINDOWS\System32\COMDLG32.dll
0x00007ffc4a1b0000 - 0x00007ffc4a2c4000 	C:\WINDOWS\System32\MSCTF.dll
0x00007ffbe2ad0000 - 0x00007ffbe2af7000 	C:\WINDOWS\System32\DriverStore\FileRepository\iigd_dch.inf_amd64_a1e7755eb10c8b98\igdinfo64.dll
0x00007ffc47c30000 - 0x00007ffc47c48000 	C:\WINDOWS\SYSTEM32\CRYPTSP.dll
0x00007ffc47350000 - 0x00007ffc47384000 	C:\WINDOWS\system32\rsaenh.dll
0x00007ffc47c50000 - 0x00007ffc47c5c000 	C:\WINDOWS\SYSTEM32\CRYPTBASE.dll
0x00007ffc23880000 - 0x00007ffc26cf0000 	C:\WINDOWS\System32\DriverStore\FileRepository\iigd_dch.inf_amd64_a1e7755eb10c8b98\igc64.dll
0x00007ffc18790000 - 0x00007ffc187cb000 	C:\WINDOWS\SYSTEM32\dxcore.dll
0x00007ffc2b9a0000 - 0x00007ffc2b9b4000 	C:\Program Files\BellSoft\LibericaJDK-17-Full\bin\javafx_font.dll
0x00007ffc22060000 - 0x00007ffc22079000 	C:\Program Files\BellSoft\LibericaJDK-17-Full\bin\net.dll
0x00007ffc43830000 - 0x00007ffc4393a000 	C:\WINDOWS\SYSTEM32\WINHTTP.dll
0x00007ffc47a40000 - 0x00007ffc47aaa000 	C:\WINDOWS\system32\mswsock.dll
0x00007ffc1c2c0000 - 0x00007ffc1c2d6000 	C:\Program Files\BellSoft\LibericaJDK-17-Full\bin\nio.dll
0x00007ffc1bc20000 - 0x00007ffc1bc38000 	C:\Program Files\BellSoft\LibericaJDK-17-Full\bin\zip.dll
0x00007ffbe9fa0000 - 0x00007ffbea36a000 	C:\Users\Teacher\.wpilib\nativecache\windows\x86-64\ntcorejni.dll.a2f3ca5c6b0d68866a4535e3b35a8acd
0x00007ffbfa390000 - 0x00007ffbfa3cb000 	C:\Users\Teacher\.wpilib\nativecache\windows\x86-64\wpiutiljni.dll.d087e4c7595bb81743d85b11fc1ec979
0x00007ffc27b20000 - 0x00007ffc27d9f000 	C:\WINDOWS\SYSTEM32\dwrite.dll
0x00007ffc49fa0000 - 0x00007ffc4a049000 	C:\WINDOWS\System32\clbcatq.dll
0x00007ffc45530000 - 0x00007ffc456e4000 	C:\WINDOWS\SYSTEM32\WindowsCodecs.dll
0x00007ffc19af0000 - 0x00007ffc19b2e000 	C:\WINDOWS\system32\dataexchange.dll
0x00007ffc40e20000 - 0x00007ffc41083000 	C:\WINDOWS\system32\d3d11.dll
0x00007ffc417b0000 - 0x00007ffc41993000 	C:\WINDOWS\system32\dcomp.dll
0x00007ffc46b10000 - 0x00007ffc46c03000 	C:\WINDOWS\system32\dxgi.dll
0x00007ffc42640000 - 0x00007ffc42847000 	C:\WINDOWS\system32\twinapi.appcore.dll
0x00007ffc22290000 - 0x00007ffc222c4000 	C:\Program Files\Common Files\Microsoft Shared\Ink\rtscom.dll
0x00007ffc2b170000 - 0x00007ffc2b26a000 	C:\WINDOWS\SYSTEM32\textinputframework.dll
0x00007ffc420c0000 - 0x00007ffc421b2000 	C:\WINDOWS\System32\CoreMessaging.dll
0x00007ffc419a0000 - 0x00007ffc41cfb000 	C:\WINDOWS\System32\CoreUIComponents.dll
0x00007ffc47470000 - 0x00007ffc474a3000 	C:\WINDOWS\SYSTEM32\ntmarta.dll
0x00007ffc44c60000 - 0x00007ffc44db5000 	C:\WINDOWS\SYSTEM32\wintypes.dll

dbghelp: loaded successfully - version: 4.0.5 - missing functions: none
symbol engine: initialized successfully - sym options: 0x614 - pdb path: .;C:\Program Files\BellSoft\LibericaJDK-17-Full\bin;C:\WINDOWS\SYSTEM32;C:\WINDOWS\WinSxS\amd64_microsoft.windows.common-controls_6595b64144ccf1df_6.0.19041.3570_none_60bb2a3971f3e41a;C:\Program Files\BellSoft\LibericaJDK-17-Full\bin\server;C:\WINDOWS\System32\DriverStore\FileRepository\iigd_dch.inf_amd64_a1e7755eb10c8b98;C:\Users\Teacher\.wpilib\nativecache\windows\x86-64;C:\Program Files\Common Files\Microsoft Shared\Ink

VM Arguments:
jvm_args: -XX:+ShowCodeDetailsInExceptionMessages 
java_command: com.app.MainApp
java_class_path (initial): C:\Users\Teacher\Desktop\Riley Javafx\JavaFX\demo\build\resources\main;C:\Users\Teacher\Desktop\Riley Javafx\JavaFX\demo\build\classes\java\main;C:\Users\Teacher\.gradle\caches\modules-2\files-2.1\eu.hansolo\Medusa\11.5\20da0839b4f429434a18f2d69d89cb2aeb3c101d\Medusa-11.5.jar;C:\Users\Teacher\.gradle\caches\modules-2\files-2.1\edu.wpi.first.wpiutil\wpiutil-jni\2023.4.3\855451eaf6bf93daeda6aec28a5cde425d3cbfeb\wpiutil-jni-2023.4.3-windowsx86-64.jar;C:\Users\Teacher\.gradle\caches\modules-2\files-2.1\org.openjfx\javafx-graphics\12.0.1\19ec56a15d7dd9c49112912547425b718485d7db\javafx-graphics-12.0.1.jar;C:\Users\Teacher\.gradle\caches\modules-2\files-2.1\org.openjfx\javafx-controls\12.0.1\a6502999bdb947885c8d121a47d745d52a06577a\javafx-controls-12.0.1.jar;C:\Users\Teacher\.gradle\caches\modules-2\files-2.1\edu.wpi.first.ntcore\ntcore-java\2023.4.3\4ab342cc6c10318c335dfa64fe293d9976faec9e\ntcore-java-2023.4.3.jar;C:\Users\Teacher\.gradle\caches\modules-2\files-2.1\org.openjfx\javafx-base\12.0.1\6abae81d00e0c6f4fde02e2666f9c0b989ff47e4\javafx-base-12.0.1.jar;C:\Users\Teacher\.gradle\caches\modules-2\files-2.1\edu.wpi.first.ntcore\ntcore-jni\2023.4.3\cb3281035211fc4738f6317abf8a8ff8229716d0\ntcore-jni-2023.4.3-windowsx86-64.jar;C:\Users\Teacher\.gradle\caches\modules-2\files-2.1\edu.wpi.first.wpiutil\wpiutil-java\2023.4.3\11553857942069bb8e6a1d2fff1754cc0813348e\wpiutil-java-2023.4.3.jar
Launcher Type: SUN_STANDARD

[Global flags]
     intx CICompilerCount                          = 4                                         {product} {ergonomic}
     uint ConcGCThreads                            = 2                                         {product} {ergonomic}
     uint G1ConcRefinementThreads                  = 8                                         {product} {ergonomic}
   size_t G1HeapRegionSize                         = 2097152                                   {product} {ergonomic}
    uintx GCDrainStackTargetSize                   = 64                                        {product} {ergonomic}
   size_t InitialHeapSize                          = 266338304                                 {product} {ergonomic}
   size_t MarkStackSize                            = 4194304                                   {product} {ergonomic}
   size_t MaxHeapSize                              = 4253024256                                {product} {ergonomic}
   size_t MaxNewSize                               = 2550136832                                {product} {ergonomic}
   size_t MinHeapDeltaBytes                        = 2097152                                   {product} {ergonomic}
   size_t MinHeapSize                              = 8388608                                   {product} {ergonomic}
    uintx NonNMethodCodeHeapSize                   = 5839372                                {pd product} {ergonomic}
    uintx NonProfiledCodeHeapSize                  = 122909434                              {pd product} {ergonomic}
    uintx ProfiledCodeHeapSize                     = 122909434                              {pd product} {ergonomic}
    uintx ReservedCodeCacheSize                    = 251658240                              {pd product} {ergonomic}
     bool SegmentedCodeCache                       = true                                      {product} {ergonomic}
     bool ShowCodeDetailsInExceptionMessages       = true                                   {manageable} {command line}
   size_t SoftMaxHeapSize                          = 4253024256                             {manageable} {ergonomic}
     bool UseCompressedClassPointers               = true                           {product lp64_product} {ergonomic}
     bool UseCompressedOops                        = true                           {product lp64_product} {ergonomic}
     bool UseG1GC                                  = true                                      {product} {ergonomic}
     bool UseLargePagesIndividualAllocation        = false                                  {pd product} {ergonomic}

Logging:
Log output configuration:
 #0: stdout all=warning uptime,level,tags
 #1: stderr all=off uptime,level,tags

Environment Variables:
JAVA_HOME=C:\Program Files\BellSoft\LibericaJDK-17-Full\
PATH=C:\Program Files\BellSoft\LibericaJDK-17-Full\bin\;C:\Program Files\National Instruments\Shared\OpenVINO\;C:\Program Files\Common Files\Oracle\Java\javapath;C:\Program Files\AdoptOpenJDK\jre-8.0.212.03-hotspot\bin;C:\Program Files (x86)\AdoptOpenJDK\jre-8.0.212.03-hotspot\bin;C:\Program Files\AdoptOpenJDK\jre-11.0.3.7-hotspot\bin;C:\Program Files (x86)\Intel\Intel(R) Management Engine Components\iCLS\;C:\Program Files\Intel\Intel(R) Management Engine Components\iCLS\;C:\Windows\system32;C:\Windows;C:\Windows\System32\Wbem;C:\Windows\System32\WindowsPowerShell\v1.0\;C:\Windows\System32\OpenSSH\;C:\Program Files (x86)\Intel\Intel(R) Management Engine Components\DAL;C:\Program Files\Intel\Intel(R) Management Engine Components\DAL;C:\Program Files\NVIDIA Corporation\NVIDIA NvDLISR;C:\Program Files\Intel\WiFi\bin\;C:\Program Files\Common Files\Intel\WirelessCommon\;C:\Users\Public\wpilib\2020\roborio\bin;C:\Users\Public\wpilib\2020\frccode;C:\Program Files\Git\cmd;C:\Program Files\Microsoft SQL Server\120\Tools\Binn\;C:\Program Files\Java\jdk-14\bin;;C:\WINDOWS\system32;C:\WINDOWS;C:\WINDOWS\System32\Wbem;C:\WINDOWS\System32\WindowsPowerShell\v1.0\;C:\WINDOWS\System32\OpenSSH\;C:\Program Files (x86)\IVI Foundation\VISA\WinNT\Bin\;C:\Program Files\IVI Foundation\VISA\Win64\Bin\;C:\Program Files (x86)\IVI Foundation\VISA\WinNT\Bin;C:\Program Files\Samsung\AllShare Framework DMS\1.3.23\;C:\Program Files\Samsung\AllShare Framework DMS\1.3.23\64bit\;C:\Users\Teacher\AppData\Local\Microsoft\WindowsApps;C:\Users\Public\wpilib\2020\roborio\bin;C:\Users\Public\wpilib\2020\frccode;C:\Users\Teacher\Desktop\gradle-8.4-bin\gradle-8.4\bin;C:\Users\Teacher\AppData\Local\Microsoft\WindowsApps;;C:\Users\Teacher\AppData\Local\Programs\Microsoft VS Code\bin
USERNAME=Teacher
LANG=en_US.UTF-8
OS=Windows_NT
PROCESSOR_IDENTIFIER=Intel64 Family 6 Model 142 Stepping 10, GenuineIntel
TMP=C:\Users\Teacher\AppData\Local\Temp
TEMP=C:\Users\Teacher\AppData\Local\Temp



---------------  S Y S T E M  ---------------

OS:
 Windows 10 , 64 bit Build 19041 (10.0.19041.3570)
OS uptime: 2 days 0:45 hours

CPU: total 8 (initial active 8) (4 cores per cpu, 2 threads per core) family 6 model 142 stepping 10 microcode 0xb4, cx8, cmov, fxsr, ht, mmx, 3dnowpref, sse, sse2, sse3, ssse3, sse4.1, sse4.2, popcnt, lzcnt, tsc, tscinvbit, avx, avx2, aes, erms, clmul, bmi1, bmi2, rtm, adx, fma, vzeroupper, clflush, clflushopt
Processor Information for all 8 processors :
  Max Mhz: 1896, Current Mhz: 1696, Mhz Limit: 1687

Memory: 4k page, system-wide physical 16217M (628M free)
TotalPageFile size 42594M (AvailPageFile size 170M)
current process WorkingSet (physical memory assigned to process): 879M, peak: 882M
current process commit charge ("private bytes"): 917M, peak: 1321M

vm_info: OpenJDK 64-Bit Server VM (17.0.8.1+1-LTS) for windows-amd64 JRE (17.0.8.1+1-LTS), built on Aug 22 2023 02:12:42 by "" with MS VC++ 17.1 (VS2022)

END.
